2024-02-05 14:19:30,531 [INFO] Activator:176 - 


2024-02-05 14:19:30,556 [INFO] Activator:177 - !SESSION log4j initialized
2024-02-05 14:19:48,424 [INFO] LogOutputStream:77 - [STDOUT_REDIRECT] 
2024-02-05 14:19:50,861 [ERROR] ConfigurationRetriever:142 - IOException on connection: No subject alternative DNS name matching sw-center.st.com found.
2024-02-05 14:19:50,970 [ERROR] ConfigurationRetriever:142 - IOException on connection: No subject alternative DNS name matching sw-center.st.com found.
2024-02-05 14:19:51,110 [ERROR] ConfigurationRetriever:142 - IOException on connection: No subject alternative DNS name matching sw-center.st.com found.
2024-02-05 14:19:58,097 [INFO] ApplicationProperties:184 - Using Application install path: C:\ST\STM32CubeIDE_1.14.1\STM32CubeIDE\plugins\com.st.stm32cube.common.mx_6.10.0.202311202037
2024-02-05 14:19:58,195 [INFO] DbMcusXml:78 - Set database path to: C:\ST\STM32CubeIDE_1.14.1\STM32CubeIDE\plugins\com.st.stm32cube.common.mx_6.10.0.202311202037\\db\/mcu/
2024-02-05 14:19:58,196 [INFO] ApiDb:274 - Set plugin database path to: C:\ST\STM32CubeIDE_1.14.1\STM32CubeIDE\plugins\com.st.stm32cube.common.mx_6.10.0.202311202037\\db\/plugins/boardmanager/
2024-02-05 14:19:58,197 [WARN] ApiDb:259 - Overriding images path with different value:  => C:\ST\STM32CubeIDE_1.14.1\STM32CubeIDE\plugins\com.st.stm32cube.common.mx_6.10.0.202311202037\\db\/plugins/mcufinder/images/
2024-02-05 14:19:58,377 [INFO] ApiDb:250 - Set database path to: C:\Users\krishna\.stmcufinder\plugins\mcufinder//mcu/
2024-02-05 14:19:58,381 [INFO] DbMcusAds:125 - Set database path to: C:\Users\krishna\.stmcufinder\plugins\mcufinder//mcu/
2024-02-05 14:19:58,384 [INFO] CrossReferenceDbSqlite:203 - Set database path to: C:\Users\krishna\.stmcufinder\plugins\mcufinder//mcu/cs/
2024-02-05 14:19:58,759 [INFO] RulesReader:64 - Compatibility file has been processed (297 Rules)
2024-02-05 14:19:59,137 [INFO] DbMcusXml:78 - Set database path to: C:\ST\STM32CubeIDE_1.14.1\STM32CubeIDE\plugins\com.st.stm32cube.common.mx_6.10.0.202311202037\\db\/mcu/
2024-02-05 14:19:59,137 [INFO] ApiDb:274 - Set plugin database path to: C:\ST\STM32CubeIDE_1.14.1\STM32CubeIDE\plugins\com.st.stm32cube.common.mx_6.10.0.202311202037\\db\/plugins/boardmanager/
2024-02-05 14:19:59,139 [INFO] ApiDb:261 - Set plugin images path to: C:\ST\STM32CubeIDE_1.14.1\STM32CubeIDE\plugins\com.st.stm32cube.common.mx_6.10.0.202311202037\\db\/plugins/mcufinder/images/
2024-02-05 14:19:59,139 [WARN] DbFile:41 - Overriding database path with different value: C:\Users\krishna\.stmcufinder\plugins\mcufinder/ => C:\Users\krishna\.stmcufinder\plugins\mcufinder
2024-02-05 14:19:59,140 [INFO] ApiDb:250 - Set database path to: C:\Users\krishna\.stmcufinder\plugins\mcufinder//mcu/
2024-02-05 14:19:59,140 [WARN] DbFile:41 - Overriding database path with different value: C:\Users\krishna\.stmcufinder\plugins\mcufinder/ => C:\Users\krishna\.stmcufinder\plugins\mcufinder
2024-02-05 14:19:59,140 [INFO] DbMcusAds:125 - Set database path to: C:\Users\krishna\.stmcufinder\plugins\mcufinder//mcu/
2024-02-05 14:19:59,141 [WARN] DbFile:41 - Overriding database path with different value: C:\Users\krishna\.stmcufinder\plugins\mcufinder/ => C:\Users\krishna\.stmcufinder\plugins\mcufinder
2024-02-05 14:19:59,141 [WARN] DbFile:41 - Overriding database path with different value: C:\Users\krishna\.stmcufinder\plugins\mcufinder/ => C:\Users\krishna\.stmcufinder\plugins\mcufinder
2024-02-05 14:19:59,141 [INFO] CrossReferenceDbSqlite:203 - Set database path to: C:\Users\krishna\.stmcufinder\plugins\mcufinder//mcu/cs/
2024-02-05 14:19:59,468 [INFO] MainPanel:264 - HeapMemory: 268435456
2024-02-05 14:19:59,789 [INFO] DbMcusXml:78 - Set database path to: C:\ST\STM32CubeIDE_1.14.1\STM32CubeIDE\plugins\com.st.stm32cube.common.mx_6.10.0.202311202037\\db\/mcu/
2024-02-05 14:19:59,789 [INFO] ApiDb:274 - Set plugin database path to: C:\ST\STM32CubeIDE_1.14.1\STM32CubeIDE\plugins\com.st.stm32cube.common.mx_6.10.0.202311202037\\db\/plugins/boardmanager/
2024-02-05 14:19:59,789 [INFO] ApiDb:261 - Set plugin images path to: C:\ST\STM32CubeIDE_1.14.1\STM32CubeIDE\plugins\com.st.stm32cube.common.mx_6.10.0.202311202037\\db\/plugins/mcufinder/images/
2024-02-05 14:19:59,790 [WARN] DbFile:41 - Overriding database path with different value: C:\Users\krishna\.stmcufinder\plugins\mcufinder/ => C:\Users\krishna\.stmcufinder\plugins\mcufinder
2024-02-05 14:19:59,790 [INFO] ApiDb:250 - Set database path to: C:\Users\krishna\.stmcufinder\plugins\mcufinder//mcu/
2024-02-05 14:19:59,790 [WARN] DbFile:41 - Overriding database path with different value: C:\Users\krishna\.stmcufinder\plugins\mcufinder/ => C:\Users\krishna\.stmcufinder\plugins\mcufinder
2024-02-05 14:19:59,790 [INFO] DbMcusAds:125 - Set database path to: C:\Users\krishna\.stmcufinder\plugins\mcufinder//mcu/
2024-02-05 14:19:59,791 [WARN] DbFile:41 - Overriding database path with different value: C:\Users\krishna\.stmcufinder\plugins\mcufinder/ => C:\Users\krishna\.stmcufinder\plugins\mcufinder
2024-02-05 14:19:59,791 [WARN] DbFile:41 - Overriding database path with different value: C:\Users\krishna\.stmcufinder\plugins\mcufinder/ => C:\Users\krishna\.stmcufinder\plugins\mcufinder
2024-02-05 14:19:59,813 [INFO] CrossReferenceDbSqlite:203 - Set database path to: C:\Users\krishna\.stmcufinder\plugins\mcufinder//mcu/cs/
2024-02-05 14:19:59,862 [INFO] ApplicationProperties:184 - Using Application install path: C:\ST\STM32CubeIDE_1.14.1\STM32CubeIDE\plugins\com.st.stm32cube.common.mx_6.10.0.202311202037
2024-02-05 14:19:59,866 [INFO] PluginManage:196 - Search for loadable plugins [exclusion list=, ]
2024-02-05 14:19:59,869 [INFO] PluginManage:310 - Check plugin analytics
2024-02-05 14:20:00,418 [INFO] AnalyticsPlugin:253 - Accepted Software Licenses: STM32CubeMX.6.10.0
2024-02-05 14:20:00,418 [INFO] AnalyticsPlugin:255 - Accepted CMSIS Pack Licenses: 
2024-02-05 14:20:00,418 [INFO] AnalyticsPlugin:257 - Accepted Firmware Licenses: FW.G4.1.5.0
2024-02-05 14:20:00,422 [INFO] PluginManage:359 - Loaded plugin analytics (category:tool,tabindex:-1)
2024-02-05 14:20:00,422 [INFO] PluginManage:310 - Check plugin cadmodel
2024-02-05 14:20:00,437 [ERROR] ConfigurationRetriever:142 - IOException on connection: No subject alternative DNS name matching sw-center.st.com found.
2024-02-05 14:20:00,476 [INFO] CADModel:105 - Init CAD model plugin
2024-02-05 14:20:00,477 [INFO] PluginManage:359 - Loaded plugin cadmodel (category:power,tabindex:5)
2024-02-05 14:20:00,477 [INFO] PluginManage:310 - Check plugin clock
2024-02-05 14:20:00,531 [INFO] PluginManage:359 - Loaded plugin clock (category:base,tabindex:2)
2024-02-05 14:20:00,531 [INFO] PluginManage:310 - Check plugin ddr
2024-02-05 14:20:00,539 [INFO] PluginManage:359 - Loaded plugin ddr (category:tool,tabindex:6)
2024-02-05 14:20:00,539 [INFO] PluginManage:310 - Check plugin filemanager
2024-02-05 14:20:00,665 [ERROR] ConfigurationRetriever:142 - IOException on connection: No subject alternative DNS name matching sw-center.st.com found.
2024-02-05 14:20:01,017 [ERROR] ConfigurationRetriever:142 - IOException on connection: No subject alternative DNS name matching sw-center.st.com found.
2024-02-05 14:20:01,083 [INFO] PluginManage:359 - Loaded plugin filemanager (category:base,tabindex:10)
2024-02-05 14:20:01,083 [INFO] PluginManage:310 - Check plugin ipmanager
2024-02-05 14:20:01,109 [INFO] PluginManage:359 - Loaded plugin ipmanager (category:base,tabindex:5)
2024-02-05 14:20:01,110 [INFO] PluginManage:310 - Check plugin lpbam
2024-02-05 14:20:01,153 [INFO] PluginManage:359 - Loaded plugin lpbam (category:base,tabindex:0)
2024-02-05 14:20:01,153 [INFO] PluginManage:310 - Check plugin memorymap
2024-02-05 14:20:01,300 [INFO] PluginManage:359 - Loaded plugin memorymap (category:base,tabindex:4)
2024-02-05 14:20:01,300 [INFO] PluginManage:310 - Check plugin pinoutandconfiguration
2024-02-05 14:20:01,353 [INFO] PluginManage:359 - Loaded plugin pinoutandconfiguration (category:base,tabindex:1)
2024-02-05 14:20:01,354 [INFO] PluginManage:310 - Check plugin pinoutconfig
2024-02-05 14:20:01,552 [WARN] SupportedApi:132 - Cannot load RTOS API schema: s4s-elt-must-match.1: The content of 'definitions' must match (annotation?, (simpleType | complexType)?, (unique | key | keyref)*)). A problem was found starting at: attribute.
2024-02-05 14:20:01,894 [INFO] PluginManage:359 - Loaded plugin pinoutconfig (category:base,tabindex:0)
2024-02-05 14:20:01,895 [INFO] PluginManage:310 - Check plugin power
2024-02-05 14:20:01,996 [INFO] PluginManage:359 - Loaded plugin power (category:power,tabindex:4)
2024-02-05 14:20:01,996 [INFO] PluginManage:310 - Check plugin projectmanager
2024-02-05 14:20:02,023 [INFO] PluginManage:359 - Loaded plugin projectmanager (category:projectmanager,tabindex:3)
2024-02-05 14:20:02,023 [INFO] PluginManage:310 - Check plugin thirdparty
2024-02-05 14:20:02,685 [WARN] IntegrityCheckThread:84 - waiting for thirdparty lock release [integrity check]
2024-02-05 14:20:02,685 [INFO] IntegrityCheckThread:86 - entering critical section [integrity check]
2024-02-05 14:20:02,685 [INFO] PluginManage:359 - Loaded plugin thirdparty (category:base,tabindex:-1)
2024-02-05 14:20:02,685 [INFO] PluginManage:310 - Check plugin tools
2024-02-05 14:20:02,685 [INFO] ThirdPartyUpdaterWithRetryManager:70 - Updater plugin not ready yet. [1/15]
2024-02-05 14:20:02,762 [INFO] PluginManage:359 - Loaded plugin tools (category:base,tabindex:7)
2024-02-05 14:20:02,763 [INFO] PluginManage:310 - Check plugin tutovideos
2024-02-05 14:20:03,475 [INFO] PluginManage:359 - Loaded plugin tutovideos (category:base,tabindex:-1)
2024-02-05 14:20:03,475 [INFO] PluginManage:310 - Check plugin updater
2024-02-05 14:20:03,525 [INFO] PluginManage:359 - Loaded plugin updater (category:base,tabindex:12)
2024-02-05 14:20:03,525 [INFO] PluginManage:310 - Check plugin userauth
2024-02-05 14:20:03,562 [INFO] UserAuth:114 - Init User Auth plugin
2024-02-05 14:20:03,562 [INFO] PluginManage:359 - Loaded plugin userauth (category:base,tabindex:14)
2024-02-05 14:20:03,564 [INFO] PluginManage:283 - PluginManage : Loaded plugins [17]
2024-02-05 14:20:05,046 [INFO] PinOutPanel:1499 - setPackage(No Configuration,No Configuration)
2024-02-05 14:20:05,479 [INFO] CADModel:165 - CPN selected for project level
2024-02-05 14:20:05,480 [INFO] CADModel:114 - Register for checkConnection events
2024-02-05 14:20:05,687 [INFO] ThirdPartyUpdaterWithRetryManager:70 - Updater plugin not ready yet. [2/15]
2024-02-05 14:20:05,689 [INFO] IPUIPlugin:80 - create IPUIPlugin
2024-02-05 14:20:05,689 [INFO] PluginManager:220 - loadIPPluginJar : add adc
2024-02-05 14:20:05,743 [INFO] IPUIPlugin:80 - create IPUIPlugin
2024-02-05 14:20:05,743 [INFO] PluginManager:220 - loadIPPluginJar : add aes
2024-02-05 14:20:05,826 [INFO] IPUIPlugin:80 - create IPUIPlugin
2024-02-05 14:20:05,826 [INFO] PluginManager:220 - loadIPPluginJar : add can
2024-02-05 14:20:05,916 [INFO] IPUIPlugin:80 - create IPUIPlugin
2024-02-05 14:20:05,916 [INFO] PluginManager:220 - loadIPPluginJar : add comp
2024-02-05 14:20:06,033 [INFO] IPUIPlugin:80 - create IPUIPlugin
2024-02-05 14:20:06,033 [INFO] PluginManager:220 - loadIPPluginJar : add cryp
2024-02-05 14:20:06,122 [INFO] IPUIPlugin:80 - create IPUIPlugin
2024-02-05 14:20:06,122 [INFO] PluginManager:220 - loadIPPluginJar : add dfsdm
2024-02-05 14:20:06,372 [INFO] IPUIPlugin:80 - create IPUIPlugin
2024-02-05 14:20:06,372 [INFO] PluginManager:220 - loadIPPluginJar : add dma
2024-02-05 14:20:06,447 [INFO] IPUIPlugin:80 - create IPUIPlugin
2024-02-05 14:20:06,447 [INFO] PluginManager:220 - loadIPPluginJar : add dma3
2024-02-05 14:20:06,475 [INFO] IPUIPlugin:80 - create IPUIPlugin
2024-02-05 14:20:06,475 [INFO] PluginManager:220 - loadIPPluginJar : add fatfs
2024-02-05 14:20:06,548 [INFO] IPUIPlugin:80 - create IPUIPlugin
2024-02-05 14:20:06,548 [INFO] PluginManager:220 - loadIPPluginJar : add fmc
2024-02-05 14:20:06,579 [INFO] IPUIPlugin:80 - create IPUIPlugin
2024-02-05 14:20:06,580 [INFO] PluginManager:220 - loadIPPluginJar : add freertos
2024-02-05 14:20:06,605 [INFO] IPUIPlugin:80 - create IPUIPlugin
2024-02-05 14:20:06,605 [INFO] PluginManager:220 - loadIPPluginJar : add genericplugin
2024-02-05 14:20:06,704 [INFO] IPUIPlugin:80 - create IPUIPlugin
2024-02-05 14:20:06,704 [INFO] PluginManager:220 - loadIPPluginJar : add gfxmmu
2024-02-05 14:20:06,861 [INFO] IPUIPlugin:80 - create IPUIPlugin
2024-02-05 14:20:06,862 [INFO] PluginManager:220 - loadIPPluginJar : add gic
2024-02-05 14:20:06,938 [INFO] IPUIPlugin:80 - create IPUIPlugin
2024-02-05 14:20:06,938 [INFO] PluginManager:220 - loadIPPluginJar : add gpio
2024-02-05 14:20:07,057 [INFO] IPUIPlugin:80 - create IPUIPlugin
2024-02-05 14:20:07,058 [INFO] PluginManager:220 - loadIPPluginJar : add gtzc
2024-02-05 14:20:07,094 [INFO] IPUIPlugin:80 - create IPUIPlugin
2024-02-05 14:20:07,094 [INFO] PluginManager:220 - loadIPPluginJar : add hash
2024-02-05 14:20:07,152 [INFO] IPUIPlugin:80 - create IPUIPlugin
2024-02-05 14:20:07,152 [INFO] PluginManager:220 - loadIPPluginJar : add i2c
2024-02-05 14:20:07,189 [INFO] IPUIPlugin:80 - create IPUIPlugin
2024-02-05 14:20:07,189 [INFO] PluginManager:220 - loadIPPluginJar : add i2s
2024-02-05 14:20:07,227 [INFO] IPUIPlugin:80 - create IPUIPlugin
2024-02-05 14:20:07,227 [INFO] PluginManager:220 - loadIPPluginJar : add i3c
2024-02-05 14:20:07,345 [INFO] IPUIPlugin:80 - create IPUIPlugin
2024-02-05 14:20:07,345 [INFO] PluginManager:220 - loadIPPluginJar : add ipddr
2024-02-05 14:20:07,495 [INFO] IPUIPlugin:80 - create IPUIPlugin
2024-02-05 14:20:07,495 [INFO] PluginManager:220 - loadIPPluginJar : add linkedlist
2024-02-05 14:20:07,556 [INFO] IPUIPlugin:80 - create IPUIPlugin
2024-02-05 14:20:07,556 [INFO] PluginManager:220 - loadIPPluginJar : add lorawan
2024-02-05 14:20:07,618 [INFO] IPUIPlugin:80 - create IPUIPlugin
2024-02-05 14:20:07,618 [INFO] PluginManager:220 - loadIPPluginJar : add ltdc
2024-02-05 14:20:07,655 [INFO] IPUIPlugin:80 - create IPUIPlugin
2024-02-05 14:20:07,655 [INFO] PluginManager:220 - loadIPPluginJar : add mdma
2024-02-05 14:20:07,682 [INFO] IPUIPlugin:80 - create IPUIPlugin
2024-02-05 14:20:07,683 [INFO] PluginManager:220 - loadIPPluginJar : add nvic
2024-02-05 14:20:07,742 [INFO] IPUIPlugin:80 - create IPUIPlugin
2024-02-05 14:20:07,742 [INFO] PluginManager:220 - loadIPPluginJar : add opamp
2024-02-05 14:20:07,850 [INFO] IPUIPlugin:80 - create IPUIPlugin
2024-02-05 14:20:07,850 [INFO] PluginManager:220 - loadIPPluginJar : add openamp
2024-02-05 14:20:07,939 [INFO] IPUIPlugin:80 - create IPUIPlugin
2024-02-05 14:20:07,939 [INFO] PluginManager:220 - loadIPPluginJar : add pdm2pcm
2024-02-05 14:20:07,964 [INFO] IPUIPlugin:80 - create IPUIPlugin
2024-02-05 14:20:07,968 [INFO] PluginManager:220 - loadIPPluginJar : add plateformsettings
2024-02-05 14:20:07,998 [INFO] IPUIPlugin:80 - create IPUIPlugin
2024-02-05 14:20:07,999 [INFO] PluginManager:220 - loadIPPluginJar : add quadspi
2024-02-05 14:20:08,025 [INFO] IPUIPlugin:80 - create IPUIPlugin
2024-02-05 14:20:08,025 [INFO] PluginManager:220 - loadIPPluginJar : add resmgrutility
2024-02-05 14:20:08,093 [INFO] IPUIPlugin:80 - create IPUIPlugin
2024-02-05 14:20:08,093 [INFO] PluginManager:220 - loadIPPluginJar : add sai
2024-02-05 14:20:08,244 [INFO] IPUIPlugin:80 - create IPUIPlugin
2024-02-05 14:20:08,244 [INFO] PluginManager:220 - loadIPPluginJar : add spi
2024-02-05 14:20:08,364 [INFO] IPUIPlugin:80 - create IPUIPlugin
2024-02-05 14:20:08,364 [INFO] PluginManager:220 - loadIPPluginJar : add stm32_wpan
2024-02-05 14:20:08,405 [INFO] IPUIPlugin:80 - create IPUIPlugin
2024-02-05 14:20:08,405 [INFO] PluginManager:220 - loadIPPluginJar : add tim
2024-02-05 14:20:08,500 [INFO] IPUIPlugin:80 - create IPUIPlugin
2024-02-05 14:20:08,500 [INFO] PluginManager:220 - loadIPPluginJar : add touchsensing
2024-02-05 14:20:08,559 [INFO] IPUIPlugin:80 - create IPUIPlugin
2024-02-05 14:20:08,559 [INFO] PluginManager:220 - loadIPPluginJar : add tracer_emb
2024-02-05 14:20:08,602 [INFO] IPUIPlugin:80 - create IPUIPlugin
2024-02-05 14:20:08,602 [INFO] PluginManager:220 - loadIPPluginJar : add ts
2024-02-05 14:20:08,667 [INFO] IPUIPlugin:80 - create IPUIPlugin
2024-02-05 14:20:08,667 [INFO] PluginManager:220 - loadIPPluginJar : add tsc
2024-02-05 14:20:08,688 [INFO] ThirdPartyUpdaterWithRetryManager:70 - Updater plugin not ready yet. [3/15]
2024-02-05 14:20:08,693 [INFO] IPUIPlugin:80 - create IPUIPlugin
2024-02-05 14:20:08,693 [INFO] PluginManager:220 - loadIPPluginJar : add ucpd
2024-02-05 14:20:08,773 [INFO] IPUIPlugin:80 - create IPUIPlugin
2024-02-05 14:20:08,773 [INFO] PluginManager:220 - loadIPPluginJar : add usart
2024-02-05 14:20:08,845 [INFO] IPUIPlugin:80 - create IPUIPlugin
2024-02-05 14:20:08,845 [INFO] PluginManager:220 - loadIPPluginJar : add usbx
2024-02-05 14:20:09,096 [INFO] CADModel:165 - CPN selected for project level
2024-02-05 14:20:09,096 [INFO] CADModel:114 - Register for checkConnection events
2024-02-05 14:20:09,097 [FATAL] Updater:308 - Updater called before beeing initialized
2024-02-05 14:20:09,097 [ERROR] CADModel:125 - Updater not yet initialized, retry later 
2024-02-05 14:20:09,780 [INFO] CADModel:165 - CPN selected for project level
2024-02-05 14:20:09,780 [INFO] CADModel:114 - Register for checkConnection events
2024-02-05 14:20:09,780 [FATAL] Updater:308 - Updater called before beeing initialized
2024-02-05 14:20:09,780 [ERROR] CADModel:125 - Updater not yet initialized, retry later 
2024-02-05 14:20:09,790 [FATAL] Updater:308 - Updater called before beeing initialized
2024-02-05 14:20:10,075 [FATAL] Updater:308 - Updater called before beeing initialized
2024-02-05 14:20:10,099 [INFO] DbMcusAds:53 - JSON generation date=Wed Nov 29 16:22:27 IST 2023 (1701255147200)
2024-02-05 14:20:10,099 [FATAL] Updater:308 - Updater called before beeing initialized
2024-02-05 14:20:10,347 [WARN] DetailPanel:346 - Failed to get advertising image, set to default
2024-02-05 14:20:10,565 [FATAL] Updater:308 - Updater called before beeing initialized
2024-02-05 14:20:10,568 [FATAL] Updater:308 - Updater called before beeing initialized
2024-02-05 14:20:10,568 [FATAL] Updater:308 - Updater called before beeing initialized
2024-02-05 14:20:10,568 [WARN] DetailPanel:346 - Failed to get advertising image, set to default
2024-02-05 14:20:10,569 [FATAL] Updater:308 - Updater called before beeing initialized
2024-02-05 14:20:10,716 [ERROR] Updater:1120 - MainUpdater not yet initialized. External WinMGr cannot be set.
2024-02-05 14:20:10,738 [INFO] Updater:1056 - Updater Version found : 6.10.0
2024-02-05 14:20:10,793 [INFO] ApplicationProperties:184 - Using Application install path: C:\ST\STM32CubeIDE_1.14.1\STM32CubeIDE\plugins\com.st.stm32cube.common.mx_6.10.0.202311202037
2024-02-05 14:20:11,688 [INFO] ThirdPartyUpdaterWithRetryManager:70 - Updater plugin not ready yet. [4/15]
2024-02-05 14:20:12,768 [ERROR] LogOutputStream:75 - [STDERR_REDIRECT] Feb 05, 2024 2:20:12 PM java.util.prefs.WindowsPreferences <init>
2024-02-05 14:20:12,773 [ERROR] LogOutputStream:75 - [STDERR_REDIRECT] WARNING: Could not open/create prefs root node Software\JavaSoft\Prefs at root 0xffffffff80000002. Windows RegCreateKeyEx(...) returned error code 5.
2024-02-05 14:20:12,774 [ERROR] LogOutputStream:75 - [STDERR_REDIRECT] 
2024-02-05 14:20:13,572 [INFO] MainUpdater:2873 - connection check result : 22
2024-02-05 14:20:13,573 [INFO] MainUpdater:290 - Updater Check For Update Now.
2024-02-05 14:20:13,574 [INFO] MicroXplorer:498 - Change Database Version : DB.6.0.100
2024-02-05 14:20:13,614 [INFO] McuFinderGlobals:63 - Set McuFinder mode to 2 (CubeIDE integrated)
2024-02-05 14:20:13,614 [INFO] UserAuth:180 - activating auth plugin
2024-02-05 14:20:13,620 [INFO] UserAuth:404 - Internet connection configuration mode: 2
2024-02-05 14:20:13,652 [INFO] UserAuth:404 - Internet connection configuration mode: 2
2024-02-05 14:20:13,914 [INFO] CheckServerUpdateThread:120 - End of CheckServer Thread
2024-02-05 14:20:15,753 [WARN] PackLoader:240 - Cannot read IP mode file for STMicroelectronics.X-CUBE-SMBUS.2.1.0
2024-02-05 14:20:15,770 [WARN] PackLoader:240 - Cannot read IP mode file for STMicroelectronics.X-CUBE-TOUCHGFX.4.23.0
2024-02-05 14:20:15,857 [WARN] PackLoader:240 - Cannot read IP mode file for STMicroelectronics.X-CUBE-AZRTOS-F7.1.1.0
2024-02-05 14:20:15,891 [WARN] PackLoader:240 - Cannot read IP mode file for STMicroelectronics.FP-SNS-MOTENV1.4.3.2
2024-02-05 14:20:15,920 [WARN] PackLoader:240 - Cannot read IP mode file for STMicroelectronics.FP-SNS-FLIGHT1.5.0.2
2024-02-05 14:20:15,945 [WARN] PackLoader:240 - Cannot read IP mode file for STMicroelectronics.X-CUBE-DISPLAY.3.0.0
2024-02-05 14:20:15,982 [WARN] PackLoader:240 - Cannot read IP mode file for STMicroelectronics.X-CUBE-BLE1.7.0.0
2024-02-05 14:20:16,003 [WARN] PackLoader:240 - Cannot read IP mode file for emotas.I-CUBE-CANOPEN.1.3.0
2024-02-05 14:20:16,022 [WARN] PackLoader:240 - Cannot read IP mode file for STMicroelectronics.FP-SNS-SMARTAG2.1.2.0
2024-02-05 14:20:16,053 [INFO] LogOutputStream:77 - [STDOUT_REDIRECT] 1 : Invalid condition id : UX_CORESTACK_Condition cause : null
2024-02-05 14:20:16,053 [INFO] LogOutputStream:77 - [STDOUT_REDIRECT] 1 : Invalid condition id : UX_CORESTACK_Condition cause : null
2024-02-05 14:20:16,056 [INFO] LogOutputStream:77 - [STDOUT_REDIRECT] 1 : Invalid condition id : UX_CORESTACK_Condition cause : null
2024-02-05 14:20:16,058 [INFO] LogOutputStream:77 - [STDOUT_REDIRECT] 1 : Invalid condition id : UX_CORESTACK_Condition cause : null
2024-02-05 14:20:16,060 [INFO] LogOutputStream:77 - [STDOUT_REDIRECT] 1 : Invalid condition id : UX_CORESTACK_Condition cause : null
2024-02-05 14:20:16,064 [WARN] PackLoader:240 - Cannot read IP mode file for STMicroelectronics.X-CUBE-AZRTOS-WL.2.0.0
2024-02-05 14:20:16,116 [WARN] PackLoader:240 - Cannot read IP mode file for WES.I-CUBE-Cesium.1.3.0
2024-02-05 14:20:16,150 [WARN] PackLoader:240 - Cannot read IP mode file for STMicroelectronics.X-CUBE-BLE2.3.3.0
2024-02-05 14:20:16,179 [WARN] PackLoader:240 - Cannot read IP mode file for STMicroelectronics.X-CUBE-ALGOBUILD.1.3.0
2024-02-05 14:20:16,324 [WARN] PackLoader:240 - Cannot read IP mode file for STMicroelectronics.X-CUBE-AZRTOS-G0.1.1.0
2024-02-05 14:20:16,353 [WARN] PackLoader:240 - Cannot read IP mode file for STMicroelectronics.X-CUBE-NFC4.3.0.0
2024-02-05 14:20:16,472 [WARN] PackLoader:240 - Cannot read IP mode file for STMicroelectronics.X-CUBE-BLEMGR.3.0.0
2024-02-05 14:20:16,492 [WARN] PackLoader:240 - Cannot read IP mode file for STMicroelectronics.FP-ATR-SIGFOX1.3.2.0
2024-02-05 14:20:16,538 [WARN] PackLoader:240 - Cannot read IP mode file for STMicroelectronics.X-CUBE-EEPRMA1.5.1.0
2024-02-05 14:20:16,596 [WARN] PackLoader:240 - Cannot read IP mode file for SEGGER.I-CUBE-embOS.1.3.1
2024-02-05 14:20:16,676 [WARN] PackLoader:240 - Cannot read IP mode file for STMicroelectronics.X-CUBE-GNSS1.6.0.0
2024-02-05 14:20:16,720 [WARN] PackLoader:240 - Cannot read IP mode file for STMicroelectronics.X-CUBE-AZRTOS-F4.1.1.0
2024-02-05 14:20:16,746 [WARN] PackLoader:240 - Cannot read IP mode file for wolfSSL.I-CUBE-wolfSSL.5.6.6
2024-02-05 14:20:16,790 [WARN] PackLoader:240 - Cannot read IP mode file for STMicroelectronics.X-CUBE-AZRTOS-L5.2.0.0
2024-02-05 14:20:16,810 [WARN] PackLoader:240 - Cannot read IP mode file for ITTIA_DB.I-CUBE-ITTIADB.8.8.0
2024-02-05 14:20:16,830 [WARN] PackLoader:240 - Cannot read IP mode file for STMicroelectronics.X-CUBE-NFC7.1.0.1
2024-02-05 14:20:16,848 [WARN] PackLoader:240 - Cannot read IP mode file for STMicroelectronics.X-CUBE-NFC6.3.0.0
2024-02-05 14:20:16,874 [WARN] PackLoader:240 - Cannot read IP mode file for STMicroelectronics.X-CUBE-AI.8.1.0
2024-02-05 14:20:16,923 [WARN] ConditionMgr:438 - getConditionDescription Invalid condition id : LAN8742 Phy interface Condition cause : null
2024-02-05 14:20:16,924 [WARN] PackLoader:240 - Cannot read IP mode file for STMicroelectronics.X-CUBE-AZRTOS-L4.2.0.0
2024-02-05 14:20:16,926 [WARN] ConditionMgr:1039 - genDependencies : Invalid condition id : LAN8742 Phy interface Condition cause : null
2024-02-05 14:20:16,926 [WARN] ConditionMgr:1039 - genDependencies : Invalid condition id : LAN8742 Phy interface Condition cause : null
2024-02-05 14:20:16,926 [WARN] ConditionMgr:1039 - genDependencies : Invalid condition id : LAN8742 Phy interface Condition cause : null
2024-02-05 14:20:16,963 [WARN] PackLoader:240 - Cannot read IP mode file for STMicroelectronics.X-CUBE-SFXS2LP1.4.0.0
2024-02-05 14:20:17,006 [WARN] ConditionMgr:438 - getConditionDescription Invalid condition id : UX DEVICE CLASS RTOS Condition cause : null
2024-02-05 14:20:17,006 [WARN] ConditionMgr:438 - getConditionDescription Invalid condition id : UX DEVICE CLASS RTOS Condition cause : null
2024-02-05 14:20:17,010 [WARN] PackLoader:240 - Cannot read IP mode file for STMicroelectronics.X-CUBE-AZRTOS-WB.2.0.0
2024-02-05 14:20:17,011 [WARN] ConditionMgr:1039 - genDependencies : Invalid condition id : UX DEVICE CLASS RTOS Condition cause : null
2024-02-05 14:20:17,011 [WARN] ConditionMgr:1039 - genDependencies : Invalid condition id : UX DEVICE CLASS RTOS Condition cause : null
2024-02-05 14:20:17,011 [WARN] ConditionMgr:1039 - genDependencies : Invalid condition id : UX DEVICE CLASS RTOS Condition cause : null
2024-02-05 14:20:17,011 [WARN] ConditionMgr:1039 - genDependencies : Invalid condition id : UX DEVICE CLASS RTOS Condition cause : null
2024-02-05 14:20:17,012 [WARN] ConditionMgr:1039 - genDependencies : Invalid condition id : UX DEVICE CLASS RTOS Condition cause : null
2024-02-05 14:20:17,053 [WARN] PackLoader:240 - Cannot read IP mode file for STMicroelectronics.X-CUBE-SUBG2.5.0.0
2024-02-05 14:20:17,135 [WARN] PackLoader:240 - Cannot read IP mode file for STMicroelectronics.X-CUBE-AZRTOS-G4.2.0.0
2024-02-05 14:20:17,175 [WARN] PackLoader:240 - Cannot read IP mode file for Infineon.AIROC-Wi-Fi-Bluetooth-STM32.1.5.1
2024-02-05 14:20:17,204 [WARN] PackLoader:240 - Cannot read IP mode file for STMicroelectronics.FP-SNS-MOTENVWB1.1.3.1
2024-02-05 14:20:17,236 [WARN] PackLoader:240 - Cannot read IP mode file for STMicroelectronics.X-CUBE-ISPU.2.0.0
2024-02-05 14:20:17,325 [WARN] PackLoader:240 - Cannot read IP mode file for STMicroelectronics.X-CUBE-MEMS1.10.0.0
2024-02-05 14:20:17,573 [WARN] PackLoader:240 - Cannot read IP mode file for STMicroelectronics.X-CUBE-FREERTOS.1.1.0
2024-02-05 14:20:17,597 [WARN] PackLoader:240 - Cannot read IP mode file for portGmbH.I-Cube-SoM-uGOAL.1.1.0
2024-02-05 14:20:17,618 [WARN] PackLoader:240 - Cannot read IP mode file for STMicroelectronics.X-CUBE-ALS.1.0.1
2024-02-05 14:20:17,639 [WARN] PackLoader:240 - Cannot read IP mode file for STMicroelectronics.FP-ATR-ASTRA1.2.0.0
2024-02-05 14:20:17,750 [WARN] PackLoader:240 - Cannot read IP mode file for STMicroelectronics.X-CUBE-TOF1.3.4.0
2024-02-05 14:20:17,862 [WARN] PackLoader:240 - Cannot read IP mode file for STMicroelectronics.X-CUBE-AZRTOS-H7.3.2.0
2024-02-05 14:20:17,870 [INFO] ThirdParty:978 - Integrity check success = true
2024-02-05 14:20:17,870 [INFO] IntegrityCheckThread:100 - exiting critical section [integrity check]
2024-02-05 14:20:17,870 [INFO] IntegrityCheckThread:103 - End integrity checks thread
2024-02-05 14:20:36,943 [ERROR] LogOutputStream:75 - [STDERR_REDIRECT] SLF4J: Failed to load class "org.slf4j.impl.StaticLoggerBinder".
2024-02-05 14:20:36,944 [ERROR] LogOutputStream:75 - [STDERR_REDIRECT] SLF4J: Defaulting to no-operation (NOP) logger implementation
2024-02-05 14:20:36,946 [ERROR] LogOutputStream:75 - [STDERR_REDIRECT] SLF4J: See http://www.slf4j.org/codes.html#StaticLoggerBinder for further details.
2024-02-05 14:21:24,876 [ERROR] ConfigurationRetriever:142 - IOException on connection: No subject alternative DNS name matching sw-center.st.com found.
2024-02-05 14:21:24,890 [ERROR] ConfigurationRetriever:142 - IOException on connection: No subject alternative DNS name matching sw-center.st.com found.
2024-02-05 14:21:24,922 [ERROR] ConfigurationRetriever:142 - IOException on connection: No subject alternative DNS name matching sw-center.st.com found.
2024-02-05 14:47:21,541 [ERROR] ConfigurationRetriever:142 - IOException on connection: Read timed out
