2024-01-29 17:57:14,555 [INFO] Activator:176 - 


2024-01-29 17:57:14,570 [INFO] Activator:177 - !SESSION log4j initialized
2024-01-29 17:57:35,555 [INFO] LogOutputStream:77 - [STDOUT_REDIRECT] 
2024-01-29 17:57:42,303 [INFO] ApplicationProperties:184 - Using Application install path: C:\ST\STM32CubeIDE_1.14.1\STM32CubeIDE\plugins\com.st.stm32cube.common.mx_6.10.0.202311202037
2024-01-29 17:57:42,396 [INFO] DbMcusXml:78 - Set database path to: C:\ST\STM32CubeIDE_1.14.1\STM32CubeIDE\plugins\com.st.stm32cube.common.mx_6.10.0.202311202037\\db\/mcu/
2024-01-29 17:57:42,397 [INFO] ApiDb:274 - Set plugin database path to: C:\ST\STM32CubeIDE_1.14.1\STM32CubeIDE\plugins\com.st.stm32cube.common.mx_6.10.0.202311202037\\db\/plugins/boardmanager/
2024-01-29 17:57:42,400 [WARN] ApiDb:259 - Overriding images path with different value:  => C:\ST\STM32CubeIDE_1.14.1\STM32CubeIDE\plugins\com.st.stm32cube.common.mx_6.10.0.202311202037\\db\/plugins/mcufinder/images/
2024-01-29 17:57:42,520 [INFO] ApiDb:250 - Set database path to: C:\Users\krishna\.stmcufinder\plugins\mcufinder//mcu/
2024-01-29 17:57:42,522 [INFO] DbMcusAds:125 - Set database path to: C:\Users\krishna\.stmcufinder\plugins\mcufinder//mcu/
2024-01-29 17:57:42,525 [INFO] CrossReferenceDbSqlite:203 - Set database path to: C:\Users\krishna\.stmcufinder\plugins\mcufinder//mcu/cs/
2024-01-29 17:57:42,832 [INFO] RulesReader:64 - Compatibility file has been processed (297 Rules)
2024-01-29 17:57:43,173 [INFO] DbMcusXml:78 - Set database path to: C:\ST\STM32CubeIDE_1.14.1\STM32CubeIDE\plugins\com.st.stm32cube.common.mx_6.10.0.202311202037\\db\/mcu/
2024-01-29 17:57:43,173 [INFO] ApiDb:274 - Set plugin database path to: C:\ST\STM32CubeIDE_1.14.1\STM32CubeIDE\plugins\com.st.stm32cube.common.mx_6.10.0.202311202037\\db\/plugins/boardmanager/
2024-01-29 17:57:43,173 [INFO] ApiDb:261 - Set plugin images path to: C:\ST\STM32CubeIDE_1.14.1\STM32CubeIDE\plugins\com.st.stm32cube.common.mx_6.10.0.202311202037\\db\/plugins/mcufinder/images/
2024-01-29 17:57:43,174 [WARN] DbFile:41 - Overriding database path with different value: C:\Users\krishna\.stmcufinder\plugins\mcufinder/ => C:\Users\krishna\.stmcufinder\plugins\mcufinder
2024-01-29 17:57:43,174 [INFO] ApiDb:250 - Set database path to: C:\Users\krishna\.stmcufinder\plugins\mcufinder//mcu/
2024-01-29 17:57:43,174 [WARN] DbFile:41 - Overriding database path with different value: C:\Users\krishna\.stmcufinder\plugins\mcufinder/ => C:\Users\krishna\.stmcufinder\plugins\mcufinder
2024-01-29 17:57:43,174 [INFO] DbMcusAds:125 - Set database path to: C:\Users\krishna\.stmcufinder\plugins\mcufinder//mcu/
2024-01-29 17:57:43,174 [WARN] DbFile:41 - Overriding database path with different value: C:\Users\krishna\.stmcufinder\plugins\mcufinder/ => C:\Users\krishna\.stmcufinder\plugins\mcufinder
2024-01-29 17:57:43,174 [WARN] DbFile:41 - Overriding database path with different value: C:\Users\krishna\.stmcufinder\plugins\mcufinder/ => C:\Users\krishna\.stmcufinder\plugins\mcufinder
2024-01-29 17:57:43,174 [INFO] CrossReferenceDbSqlite:203 - Set database path to: C:\Users\krishna\.stmcufinder\plugins\mcufinder//mcu/cs/
2024-01-29 17:57:43,510 [INFO] MainPanel:264 - HeapMemory: 268435456
2024-01-29 17:57:43,984 [INFO] DbMcusXml:78 - Set database path to: C:\ST\STM32CubeIDE_1.14.1\STM32CubeIDE\plugins\com.st.stm32cube.common.mx_6.10.0.202311202037\\db\/mcu/
2024-01-29 17:57:43,985 [INFO] ApiDb:274 - Set plugin database path to: C:\ST\STM32CubeIDE_1.14.1\STM32CubeIDE\plugins\com.st.stm32cube.common.mx_6.10.0.202311202037\\db\/plugins/boardmanager/
2024-01-29 17:57:43,985 [INFO] ApiDb:261 - Set plugin images path to: C:\ST\STM32CubeIDE_1.14.1\STM32CubeIDE\plugins\com.st.stm32cube.common.mx_6.10.0.202311202037\\db\/plugins/mcufinder/images/
2024-01-29 17:57:43,986 [WARN] DbFile:41 - Overriding database path with different value: C:\Users\krishna\.stmcufinder\plugins\mcufinder/ => C:\Users\krishna\.stmcufinder\plugins\mcufinder
2024-01-29 17:57:43,986 [INFO] ApiDb:250 - Set database path to: C:\Users\krishna\.stmcufinder\plugins\mcufinder//mcu/
2024-01-29 17:57:43,986 [WARN] DbFile:41 - Overriding database path with different value: C:\Users\krishna\.stmcufinder\plugins\mcufinder/ => C:\Users\krishna\.stmcufinder\plugins\mcufinder
2024-01-29 17:57:43,986 [INFO] DbMcusAds:125 - Set database path to: C:\Users\krishna\.stmcufinder\plugins\mcufinder//mcu/
2024-01-29 17:57:43,987 [WARN] DbFile:41 - Overriding database path with different value: C:\Users\krishna\.stmcufinder\plugins\mcufinder/ => C:\Users\krishna\.stmcufinder\plugins\mcufinder
2024-01-29 17:57:43,987 [WARN] DbFile:41 - Overriding database path with different value: C:\Users\krishna\.stmcufinder\plugins\mcufinder/ => C:\Users\krishna\.stmcufinder\plugins\mcufinder
2024-01-29 17:57:43,987 [INFO] CrossReferenceDbSqlite:203 - Set database path to: C:\Users\krishna\.stmcufinder\plugins\mcufinder//mcu/cs/
2024-01-29 17:57:44,049 [INFO] ApplicationProperties:184 - Using Application install path: C:\ST\STM32CubeIDE_1.14.1\STM32CubeIDE\plugins\com.st.stm32cube.common.mx_6.10.0.202311202037
2024-01-29 17:57:44,060 [INFO] PluginManage:196 - Search for loadable plugins [exclusion list=, ]
2024-01-29 17:57:44,063 [INFO] PluginManage:310 - Check plugin analytics
2024-01-29 17:57:44,585 [INFO] AnalyticsPlugin:253 - Accepted Software Licenses: STM32CubeMX.6.10.0
2024-01-29 17:57:44,585 [INFO] AnalyticsPlugin:255 - Accepted CMSIS Pack Licenses: 
2024-01-29 17:57:44,585 [INFO] AnalyticsPlugin:257 - Accepted Firmware Licenses: FW.G4.1.5.0
2024-01-29 17:57:44,594 [INFO] PluginManage:359 - Loaded plugin analytics (category:tool,tabindex:-1)
2024-01-29 17:57:44,594 [INFO] PluginManage:310 - Check plugin cadmodel
2024-01-29 17:57:44,665 [INFO] CADModel:105 - Init CAD model plugin
2024-01-29 17:57:44,665 [INFO] PluginManage:359 - Loaded plugin cadmodel (category:power,tabindex:5)
2024-01-29 17:57:44,666 [INFO] PluginManage:310 - Check plugin clock
2024-01-29 17:57:45,118 [INFO] PluginManage:359 - Loaded plugin clock (category:base,tabindex:2)
2024-01-29 17:57:45,118 [INFO] PluginManage:310 - Check plugin ddr
2024-01-29 17:57:45,134 [INFO] PluginManage:359 - Loaded plugin ddr (category:tool,tabindex:6)
2024-01-29 17:57:45,134 [INFO] PluginManage:310 - Check plugin filemanager
2024-01-29 17:57:45,520 [INFO] PluginManage:359 - Loaded plugin filemanager (category:base,tabindex:10)
2024-01-29 17:57:45,520 [INFO] PluginManage:310 - Check plugin ipmanager
2024-01-29 17:57:45,544 [INFO] PluginManage:359 - Loaded plugin ipmanager (category:base,tabindex:5)
2024-01-29 17:57:45,544 [INFO] PluginManage:310 - Check plugin lpbam
2024-01-29 17:57:45,569 [INFO] PluginManage:359 - Loaded plugin lpbam (category:base,tabindex:0)
2024-01-29 17:57:45,569 [INFO] PluginManage:310 - Check plugin memorymap
2024-01-29 17:57:45,655 [INFO] PluginManage:359 - Loaded plugin memorymap (category:base,tabindex:4)
2024-01-29 17:57:45,655 [INFO] PluginManage:310 - Check plugin pinoutandconfiguration
2024-01-29 17:57:45,706 [INFO] PluginManage:359 - Loaded plugin pinoutandconfiguration (category:base,tabindex:1)
2024-01-29 17:57:45,707 [INFO] PluginManage:310 - Check plugin pinoutconfig
2024-01-29 17:57:45,928 [WARN] SupportedApi:132 - Cannot load RTOS API schema: s4s-elt-must-match.1: The content of 'definitions' must match (annotation?, (simpleType | complexType)?, (unique | key | keyref)*)). A problem was found starting at: attribute.
2024-01-29 17:57:46,272 [INFO] PluginManage:359 - Loaded plugin pinoutconfig (category:base,tabindex:0)
2024-01-29 17:57:46,272 [INFO] PluginManage:310 - Check plugin power
2024-01-29 17:57:46,350 [INFO] PluginManage:359 - Loaded plugin power (category:power,tabindex:4)
2024-01-29 17:57:46,350 [INFO] PluginManage:310 - Check plugin projectmanager
2024-01-29 17:57:46,401 [INFO] PluginManage:359 - Loaded plugin projectmanager (category:projectmanager,tabindex:3)
2024-01-29 17:57:46,402 [INFO] PluginManage:310 - Check plugin thirdparty
2024-01-29 17:57:48,075 [INFO] PluginManage:359 - Loaded plugin thirdparty (category:base,tabindex:-1)
2024-01-29 17:57:48,075 [WARN] IntegrityCheckThread:84 - waiting for thirdparty lock release [integrity check]
2024-01-29 17:57:48,075 [INFO] PluginManage:310 - Check plugin tools
2024-01-29 17:57:48,075 [INFO] IntegrityCheckThread:86 - entering critical section [integrity check]
2024-01-29 17:57:48,076 [INFO] ThirdPartyUpdaterWithRetryManager:70 - Updater plugin not ready yet. [1/15]
2024-01-29 17:57:48,157 [INFO] PluginManage:359 - Loaded plugin tools (category:base,tabindex:7)
2024-01-29 17:57:48,157 [INFO] PluginManage:310 - Check plugin tutovideos
2024-01-29 17:57:48,697 [INFO] PluginManage:359 - Loaded plugin tutovideos (category:base,tabindex:-1)
2024-01-29 17:57:48,697 [INFO] PluginManage:310 - Check plugin updater
2024-01-29 17:57:48,833 [INFO] PluginManage:359 - Loaded plugin updater (category:base,tabindex:12)
2024-01-29 17:57:48,833 [INFO] PluginManage:310 - Check plugin userauth
2024-01-29 17:57:49,127 [INFO] UserAuth:114 - Init User Auth plugin
2024-01-29 17:57:49,127 [INFO] PluginManage:359 - Loaded plugin userauth (category:base,tabindex:14)
2024-01-29 17:57:49,128 [INFO] PluginManage:283 - PluginManage : Loaded plugins [17]
2024-01-29 17:57:50,822 [INFO] PinOutPanel:1499 - setPackage(No Configuration,No Configuration)
2024-01-29 17:57:51,049 [INFO] CADModel:165 - CPN selected for project level
2024-01-29 17:57:51,049 [INFO] CADModel:114 - Register for checkConnection events
2024-01-29 17:57:51,077 [INFO] ThirdPartyUpdaterWithRetryManager:70 - Updater plugin not ready yet. [2/15]
2024-01-29 17:57:51,149 [INFO] IPUIPlugin:80 - create IPUIPlugin
2024-01-29 17:57:51,149 [INFO] PluginManager:220 - loadIPPluginJar : add adc
2024-01-29 17:57:51,226 [INFO] IPUIPlugin:80 - create IPUIPlugin
2024-01-29 17:57:51,226 [INFO] PluginManager:220 - loadIPPluginJar : add aes
2024-01-29 17:57:51,281 [INFO] IPUIPlugin:80 - create IPUIPlugin
2024-01-29 17:57:51,281 [INFO] PluginManager:220 - loadIPPluginJar : add can
2024-01-29 17:57:51,285 [INFO] IPUIPlugin:80 - create IPUIPlugin
2024-01-29 17:57:51,285 [INFO] PluginManager:220 - loadIPPluginJar : add comp
2024-01-29 17:57:51,314 [INFO] IPUIPlugin:80 - create IPUIPlugin
2024-01-29 17:57:51,315 [INFO] PluginManager:220 - loadIPPluginJar : add cryp
2024-01-29 17:57:51,399 [INFO] IPUIPlugin:80 - create IPUIPlugin
2024-01-29 17:57:51,399 [INFO] PluginManager:220 - loadIPPluginJar : add dfsdm
2024-01-29 17:57:51,448 [INFO] IPUIPlugin:80 - create IPUIPlugin
2024-01-29 17:57:51,449 [INFO] PluginManager:220 - loadIPPluginJar : add dma
2024-01-29 17:57:51,501 [INFO] IPUIPlugin:80 - create IPUIPlugin
2024-01-29 17:57:51,502 [INFO] PluginManager:220 - loadIPPluginJar : add dma3
2024-01-29 17:57:51,544 [INFO] IPUIPlugin:80 - create IPUIPlugin
2024-01-29 17:57:51,545 [INFO] PluginManager:220 - loadIPPluginJar : add fatfs
2024-01-29 17:57:51,711 [INFO] IPUIPlugin:80 - create IPUIPlugin
2024-01-29 17:57:51,712 [INFO] PluginManager:220 - loadIPPluginJar : add fmc
2024-01-29 17:57:51,936 [INFO] IPUIPlugin:80 - create IPUIPlugin
2024-01-29 17:57:51,937 [INFO] PluginManager:220 - loadIPPluginJar : add freertos
2024-01-29 17:57:51,992 [INFO] IPUIPlugin:80 - create IPUIPlugin
2024-01-29 17:57:51,992 [INFO] PluginManager:220 - loadIPPluginJar : add genericplugin
2024-01-29 17:57:52,152 [INFO] IPUIPlugin:80 - create IPUIPlugin
2024-01-29 17:57:52,152 [INFO] PluginManager:220 - loadIPPluginJar : add gfxmmu
2024-01-29 17:57:52,339 [INFO] IPUIPlugin:80 - create IPUIPlugin
2024-01-29 17:57:52,339 [INFO] PluginManager:220 - loadIPPluginJar : add gic
2024-01-29 17:57:52,460 [INFO] IPUIPlugin:80 - create IPUIPlugin
2024-01-29 17:57:52,460 [INFO] PluginManager:220 - loadIPPluginJar : add gpio
2024-01-29 17:57:52,613 [INFO] IPUIPlugin:80 - create IPUIPlugin
2024-01-29 17:57:52,613 [INFO] PluginManager:220 - loadIPPluginJar : add gtzc
2024-01-29 17:57:52,652 [INFO] IPUIPlugin:80 - create IPUIPlugin
2024-01-29 17:57:52,653 [INFO] PluginManager:220 - loadIPPluginJar : add hash
2024-01-29 17:57:52,722 [INFO] IPUIPlugin:80 - create IPUIPlugin
2024-01-29 17:57:52,722 [INFO] PluginManager:220 - loadIPPluginJar : add i2c
2024-01-29 17:57:52,785 [INFO] IPUIPlugin:80 - create IPUIPlugin
2024-01-29 17:57:52,785 [INFO] PluginManager:220 - loadIPPluginJar : add i2s
2024-01-29 17:57:52,891 [INFO] IPUIPlugin:80 - create IPUIPlugin
2024-01-29 17:57:52,891 [INFO] PluginManager:220 - loadIPPluginJar : add i3c
2024-01-29 17:57:53,009 [INFO] IPUIPlugin:80 - create IPUIPlugin
2024-01-29 17:57:53,009 [INFO] PluginManager:220 - loadIPPluginJar : add ipddr
2024-01-29 17:57:53,124 [INFO] IPUIPlugin:80 - create IPUIPlugin
2024-01-29 17:57:53,125 [INFO] PluginManager:220 - loadIPPluginJar : add linkedlist
2024-01-29 17:57:53,140 [INFO] IPUIPlugin:80 - create IPUIPlugin
2024-01-29 17:57:53,140 [INFO] PluginManager:220 - loadIPPluginJar : add lorawan
2024-01-29 17:57:53,188 [INFO] IPUIPlugin:80 - create IPUIPlugin
2024-01-29 17:57:53,188 [INFO] PluginManager:220 - loadIPPluginJar : add ltdc
2024-01-29 17:57:53,221 [INFO] IPUIPlugin:80 - create IPUIPlugin
2024-01-29 17:57:53,221 [INFO] PluginManager:220 - loadIPPluginJar : add mdma
2024-01-29 17:57:53,243 [INFO] IPUIPlugin:80 - create IPUIPlugin
2024-01-29 17:57:53,244 [INFO] PluginManager:220 - loadIPPluginJar : add nvic
2024-01-29 17:57:53,303 [INFO] IPUIPlugin:80 - create IPUIPlugin
2024-01-29 17:57:53,303 [INFO] PluginManager:220 - loadIPPluginJar : add opamp
2024-01-29 17:57:53,392 [INFO] IPUIPlugin:80 - create IPUIPlugin
2024-01-29 17:57:53,392 [INFO] PluginManager:220 - loadIPPluginJar : add openamp
2024-01-29 17:57:53,433 [INFO] IPUIPlugin:80 - create IPUIPlugin
2024-01-29 17:57:53,433 [INFO] PluginManager:220 - loadIPPluginJar : add pdm2pcm
2024-01-29 17:57:53,448 [INFO] IPUIPlugin:80 - create IPUIPlugin
2024-01-29 17:57:53,450 [INFO] PluginManager:220 - loadIPPluginJar : add plateformsettings
2024-01-29 17:57:53,481 [INFO] IPUIPlugin:80 - create IPUIPlugin
2024-01-29 17:57:53,481 [INFO] PluginManager:220 - loadIPPluginJar : add quadspi
2024-01-29 17:57:53,517 [INFO] IPUIPlugin:80 - create IPUIPlugin
2024-01-29 17:57:53,517 [INFO] PluginManager:220 - loadIPPluginJar : add resmgrutility
2024-01-29 17:57:53,574 [INFO] IPUIPlugin:80 - create IPUIPlugin
2024-01-29 17:57:53,574 [INFO] PluginManager:220 - loadIPPluginJar : add sai
2024-01-29 17:57:53,606 [INFO] IPUIPlugin:80 - create IPUIPlugin
2024-01-29 17:57:53,606 [INFO] PluginManager:220 - loadIPPluginJar : add spi
2024-01-29 17:57:53,665 [INFO] IPUIPlugin:80 - create IPUIPlugin
2024-01-29 17:57:53,665 [INFO] PluginManager:220 - loadIPPluginJar : add stm32_wpan
2024-01-29 17:57:53,716 [INFO] IPUIPlugin:80 - create IPUIPlugin
2024-01-29 17:57:53,716 [INFO] PluginManager:220 - loadIPPluginJar : add tim
2024-01-29 17:57:53,796 [INFO] IPUIPlugin:80 - create IPUIPlugin
2024-01-29 17:57:53,796 [INFO] PluginManager:220 - loadIPPluginJar : add touchsensing
2024-01-29 17:57:53,816 [INFO] IPUIPlugin:80 - create IPUIPlugin
2024-01-29 17:57:53,816 [INFO] PluginManager:220 - loadIPPluginJar : add tracer_emb
2024-01-29 17:57:53,849 [INFO] IPUIPlugin:80 - create IPUIPlugin
2024-01-29 17:57:53,850 [INFO] PluginManager:220 - loadIPPluginJar : add ts
2024-01-29 17:57:53,870 [INFO] IPUIPlugin:80 - create IPUIPlugin
2024-01-29 17:57:53,870 [INFO] PluginManager:220 - loadIPPluginJar : add tsc
2024-01-29 17:57:53,890 [INFO] IPUIPlugin:80 - create IPUIPlugin
2024-01-29 17:57:53,890 [INFO] PluginManager:220 - loadIPPluginJar : add ucpd
2024-01-29 17:57:53,927 [INFO] IPUIPlugin:80 - create IPUIPlugin
2024-01-29 17:57:53,927 [INFO] PluginManager:220 - loadIPPluginJar : add usart
2024-01-29 17:57:53,988 [INFO] IPUIPlugin:80 - create IPUIPlugin
2024-01-29 17:57:53,988 [INFO] PluginManager:220 - loadIPPluginJar : add usbx
2024-01-29 17:57:54,079 [INFO] ThirdPartyUpdaterWithRetryManager:70 - Updater plugin not ready yet. [3/15]
2024-01-29 17:57:54,134 [INFO] CADModel:165 - CPN selected for project level
2024-01-29 17:57:54,134 [INFO] CADModel:114 - Register for checkConnection events
2024-01-29 17:57:54,134 [FATAL] Updater:308 - Updater called before beeing initialized
2024-01-29 17:57:54,135 [ERROR] CADModel:125 - Updater not yet initialized, retry later 
2024-01-29 17:57:54,804 [INFO] CADModel:165 - CPN selected for project level
2024-01-29 17:57:54,804 [INFO] CADModel:114 - Register for checkConnection events
2024-01-29 17:57:54,806 [FATAL] Updater:308 - Updater called before beeing initialized
2024-01-29 17:57:54,806 [ERROR] CADModel:125 - Updater not yet initialized, retry later 
2024-01-29 17:57:54,811 [FATAL] Updater:308 - Updater called before beeing initialized
2024-01-29 17:57:55,003 [FATAL] Updater:308 - Updater called before beeing initialized
2024-01-29 17:57:55,018 [INFO] DbMcusAds:53 - JSON generation date=Wed Nov 29 16:22:27 IST 2023 (1701255147200)
2024-01-29 17:57:55,019 [FATAL] Updater:308 - Updater called before beeing initialized
2024-01-29 17:57:55,707 [WARN] DetailPanel:346 - Failed to get advertising image, set to default
2024-01-29 17:57:55,843 [FATAL] Updater:308 - Updater called before beeing initialized
2024-01-29 17:57:55,861 [FATAL] Updater:308 - Updater called before beeing initialized
2024-01-29 17:57:55,861 [FATAL] Updater:308 - Updater called before beeing initialized
2024-01-29 17:57:55,861 [WARN] DetailPanel:346 - Failed to get advertising image, set to default
2024-01-29 17:57:55,862 [FATAL] Updater:308 - Updater called before beeing initialized
2024-01-29 17:57:56,023 [ERROR] Updater:1120 - MainUpdater not yet initialized. External WinMGr cannot be set.
2024-01-29 17:57:56,056 [INFO] Updater:1056 - Updater Version found : 6.10.0
2024-01-29 17:57:56,126 [INFO] ApplicationProperties:184 - Using Application install path: C:\ST\STM32CubeIDE_1.14.1\STM32CubeIDE\plugins\com.st.stm32cube.common.mx_6.10.0.202311202037
2024-01-29 17:57:57,079 [FATAL] Updater:308 - Updater called before beeing initialized
2024-01-29 17:57:57,080 [ERROR] IntegrityCheckThread:130 - Cannot retrieve database content from updater: error 21
2024-01-29 17:57:57,081 [INFO] ThirdParty:978 - Integrity check success = false
2024-01-29 17:57:57,081 [INFO] IntegrityCheckThread:100 - exiting critical section [integrity check]
2024-01-29 17:57:57,081 [INFO] IntegrityCheckThread:103 - End integrity checks thread
2024-01-29 17:57:57,726 [ERROR] LogOutputStream:75 - [STDERR_REDIRECT] Jan 29, 2024 5:57:57 PM java.util.prefs.WindowsPreferences <init>
2024-01-29 17:57:57,729 [ERROR] LogOutputStream:75 - [STDERR_REDIRECT] WARNING: Could not open/create prefs root node Software\JavaSoft\Prefs at root 0xffffffff80000002. Windows RegCreateKeyEx(...) returned error code 5.
2024-01-29 17:57:57,729 [ERROR] LogOutputStream:75 - [STDERR_REDIRECT] 
2024-01-29 17:57:59,176 [INFO] MainUpdater:2873 - connection check result : 10
2024-01-29 17:57:59,177 [INFO] MainUpdater:290 - Updater Check For Update Now.
2024-01-29 17:57:59,178 [INFO] MicroXplorer:498 - Change Database Version : DB.6.0.100
2024-01-29 17:57:59,260 [INFO] McuFinderGlobals:63 - Set McuFinder mode to 2 (CubeIDE integrated)
2024-01-29 17:57:59,260 [INFO] UserAuth:180 - activating auth plugin
2024-01-29 17:57:59,278 [INFO] UserAuth:404 - Internet connection configuration mode: 1
2024-01-29 17:57:59,488 [INFO] JxBrowserEngine:152 - Initiate JxBrowser Engine with user profile folder
2024-01-29 17:57:59,558 [INFO] CheckServerUpdateThread:120 - End of CheckServer Thread
2024-01-29 17:58:14,296 [INFO] WebApp:161 - Instantiating new browser for Auth
2024-01-29 17:58:18,575 [INFO] WebApp:780 - Register for checkConnection events
2024-01-29 17:58:18,575 [INFO] WebApp:414 - Apply proxy settings
2024-01-29 17:58:18,575 [INFO] WebApp:499 - Chromium requires no authentication
2024-01-29 17:58:18,606 [INFO] WebApp:442 - Direct internet connection detected
2024-01-29 17:58:19,293 [INFO] WebApp:192 - Starting web application
2024-01-29 17:58:19,293 [INFO] WebApp:544 - Web application path used C:\ST\STM32CubeIDE_1.14.1\STM32CubeIDE\plugins\com.st.stm32cube.common.mx_6.10.0.202311202037\db\plugins\mcufinder\reactClient1\index.html
2024-01-29 17:58:43,527 [ERROR] LogOutputStream:75 - [STDERR_REDIRECT] SLF4J: Failed to load class "org.slf4j.impl.StaticLoggerBinder".
2024-01-29 17:58:43,527 [ERROR] LogOutputStream:75 - [STDERR_REDIRECT] SLF4J: Defaulting to no-operation (NOP) logger implementation
2024-01-29 17:58:43,527 [ERROR] LogOutputStream:75 - [STDERR_REDIRECT] SLF4J: See http://www.slf4j.org/codes.html#StaticLoggerBinder for further details.
2024-01-29 23:40:23,942 [ERROR] LogOutputStream:75 - [STDERR_REDIRECT] 
2024-01-29 23:40:23,942 [ERROR] LogOutputStream:75 - [STDERR_REDIRECT] 
