2024-02-01 17:09:20,907 [INFO] Activator:176 - 


2024-02-01 17:09:20,912 [INFO] Activator:177 - !SESSION log4j initialized
2024-02-01 17:09:28,190 [INFO] LogOutputStream:77 - [STDOUT_REDIRECT] 
2024-02-01 17:09:33,648 [INFO] ApplicationProperties:184 - Using Application install path: C:\ST\STM32CubeIDE_1.14.1\STM32CubeIDE\plugins\com.st.stm32cube.common.mx_6.10.0.202311202037
2024-02-01 17:09:33,667 [INFO] DbMcusXml:78 - Set database path to: C:\ST\STM32CubeIDE_1.14.1\STM32CubeIDE\plugins\com.st.stm32cube.common.mx_6.10.0.202311202037\\db\/mcu/
2024-02-01 17:09:33,668 [INFO] ApiDb:274 - Set plugin database path to: C:\ST\STM32CubeIDE_1.14.1\STM32CubeIDE\plugins\com.st.stm32cube.common.mx_6.10.0.202311202037\\db\/plugins/boardmanager/
2024-02-01 17:09:33,745 [WARN] ApiDb:259 - Overriding images path with different value:  => C:\ST\STM32CubeIDE_1.14.1\STM32CubeIDE\plugins\com.st.stm32cube.common.mx_6.10.0.202311202037\\db\/plugins/mcufinder/images/
2024-02-01 17:09:33,752 [INFO] ApiDb:250 - Set database path to: C:\Users\krishna\.stmcufinder\plugins\mcufinder//mcu/
2024-02-01 17:09:33,753 [INFO] DbMcusAds:125 - Set database path to: C:\Users\krishna\.stmcufinder\plugins\mcufinder//mcu/
2024-02-01 17:09:33,756 [INFO] CrossReferenceDbSqlite:203 - Set database path to: C:\Users\krishna\.stmcufinder\plugins\mcufinder//mcu/cs/
2024-02-01 17:09:33,878 [INFO] RulesReader:64 - Compatibility file has been processed (297 Rules)
2024-02-01 17:09:34,567 [INFO] DbMcusXml:78 - Set database path to: C:\ST\STM32CubeIDE_1.14.1\STM32CubeIDE\plugins\com.st.stm32cube.common.mx_6.10.0.202311202037\\db\/mcu/
2024-02-01 17:09:34,567 [INFO] ApiDb:274 - Set plugin database path to: C:\ST\STM32CubeIDE_1.14.1\STM32CubeIDE\plugins\com.st.stm32cube.common.mx_6.10.0.202311202037\\db\/plugins/boardmanager/
2024-02-01 17:09:34,568 [INFO] ApiDb:261 - Set plugin images path to: C:\ST\STM32CubeIDE_1.14.1\STM32CubeIDE\plugins\com.st.stm32cube.common.mx_6.10.0.202311202037\\db\/plugins/mcufinder/images/
2024-02-01 17:09:34,568 [WARN] DbFile:41 - Overriding database path with different value: C:\Users\krishna\.stmcufinder\plugins\mcufinder/ => C:\Users\krishna\.stmcufinder\plugins\mcufinder
2024-02-01 17:09:34,568 [INFO] ApiDb:250 - Set database path to: C:\Users\krishna\.stmcufinder\plugins\mcufinder//mcu/
2024-02-01 17:09:34,568 [WARN] DbFile:41 - Overriding database path with different value: C:\Users\krishna\.stmcufinder\plugins\mcufinder/ => C:\Users\krishna\.stmcufinder\plugins\mcufinder
2024-02-01 17:09:34,568 [INFO] DbMcusAds:125 - Set database path to: C:\Users\krishna\.stmcufinder\plugins\mcufinder//mcu/
2024-02-01 17:09:34,568 [WARN] DbFile:41 - Overriding database path with different value: C:\Users\krishna\.stmcufinder\plugins\mcufinder/ => C:\Users\krishna\.stmcufinder\plugins\mcufinder
2024-02-01 17:09:34,568 [WARN] DbFile:41 - Overriding database path with different value: C:\Users\krishna\.stmcufinder\plugins\mcufinder/ => C:\Users\krishna\.stmcufinder\plugins\mcufinder
2024-02-01 17:09:34,568 [INFO] CrossReferenceDbSqlite:203 - Set database path to: C:\Users\krishna\.stmcufinder\plugins\mcufinder//mcu/cs/
2024-02-01 17:09:34,676 [INFO] MainPanel:264 - HeapMemory: 268435456
2024-02-01 17:09:34,769 [INFO] DbMcusXml:78 - Set database path to: C:\ST\STM32CubeIDE_1.14.1\STM32CubeIDE\plugins\com.st.stm32cube.common.mx_6.10.0.202311202037\\db\/mcu/
2024-02-01 17:09:34,770 [INFO] ApiDb:274 - Set plugin database path to: C:\ST\STM32CubeIDE_1.14.1\STM32CubeIDE\plugins\com.st.stm32cube.common.mx_6.10.0.202311202037\\db\/plugins/boardmanager/
2024-02-01 17:09:34,770 [INFO] ApiDb:261 - Set plugin images path to: C:\ST\STM32CubeIDE_1.14.1\STM32CubeIDE\plugins\com.st.stm32cube.common.mx_6.10.0.202311202037\\db\/plugins/mcufinder/images/
2024-02-01 17:09:34,770 [WARN] DbFile:41 - Overriding database path with different value: C:\Users\krishna\.stmcufinder\plugins\mcufinder/ => C:\Users\krishna\.stmcufinder\plugins\mcufinder
2024-02-01 17:09:34,770 [INFO] ApiDb:250 - Set database path to: C:\Users\krishna\.stmcufinder\plugins\mcufinder//mcu/
2024-02-01 17:09:34,770 [WARN] DbFile:41 - Overriding database path with different value: C:\Users\krishna\.stmcufinder\plugins\mcufinder/ => C:\Users\krishna\.stmcufinder\plugins\mcufinder
2024-02-01 17:09:34,770 [INFO] DbMcusAds:125 - Set database path to: C:\Users\krishna\.stmcufinder\plugins\mcufinder//mcu/
2024-02-01 17:09:34,771 [WARN] DbFile:41 - Overriding database path with different value: C:\Users\krishna\.stmcufinder\plugins\mcufinder/ => C:\Users\krishna\.stmcufinder\plugins\mcufinder
2024-02-01 17:09:34,771 [WARN] DbFile:41 - Overriding database path with different value: C:\Users\krishna\.stmcufinder\plugins\mcufinder/ => C:\Users\krishna\.stmcufinder\plugins\mcufinder
2024-02-01 17:09:34,771 [INFO] CrossReferenceDbSqlite:203 - Set database path to: C:\Users\krishna\.stmcufinder\plugins\mcufinder//mcu/cs/
2024-02-01 17:09:34,790 [INFO] ApplicationProperties:184 - Using Application install path: C:\ST\STM32CubeIDE_1.14.1\STM32CubeIDE\plugins\com.st.stm32cube.common.mx_6.10.0.202311202037
2024-02-01 17:09:34,792 [INFO] PluginManage:196 - Search for loadable plugins [exclusion list=, ]
2024-02-01 17:09:34,793 [INFO] PluginManage:310 - Check plugin analytics
2024-02-01 17:09:35,083 [INFO] AnalyticsPlugin:253 - Accepted Software Licenses: STM32CubeMX.6.10.0
2024-02-01 17:09:35,084 [INFO] AnalyticsPlugin:255 - Accepted CMSIS Pack Licenses: 
2024-02-01 17:09:35,084 [INFO] AnalyticsPlugin:257 - Accepted Firmware Licenses: FW.G4.1.5.0
2024-02-01 17:09:35,087 [INFO] PluginManage:359 - Loaded plugin analytics (category:tool,tabindex:-1)
2024-02-01 17:09:35,087 [INFO] PluginManage:310 - Check plugin cadmodel
2024-02-01 17:09:35,091 [INFO] CADModel:105 - Init CAD model plugin
2024-02-01 17:09:35,091 [INFO] PluginManage:359 - Loaded plugin cadmodel (category:power,tabindex:5)
2024-02-01 17:09:35,091 [INFO] PluginManage:310 - Check plugin clock
2024-02-01 17:09:35,100 [INFO] PluginManage:359 - Loaded plugin clock (category:base,tabindex:2)
2024-02-01 17:09:35,100 [INFO] PluginManage:310 - Check plugin ddr
2024-02-01 17:09:35,102 [INFO] PluginManage:359 - Loaded plugin ddr (category:tool,tabindex:6)
2024-02-01 17:09:35,102 [INFO] PluginManage:310 - Check plugin filemanager
2024-02-01 17:09:35,236 [INFO] PluginManage:359 - Loaded plugin filemanager (category:base,tabindex:10)
2024-02-01 17:09:35,237 [INFO] PluginManage:310 - Check plugin ipmanager
2024-02-01 17:09:35,245 [INFO] PluginManage:359 - Loaded plugin ipmanager (category:base,tabindex:5)
2024-02-01 17:09:35,245 [INFO] PluginManage:310 - Check plugin lpbam
2024-02-01 17:09:35,255 [INFO] PluginManage:359 - Loaded plugin lpbam (category:base,tabindex:0)
2024-02-01 17:09:35,255 [INFO] PluginManage:310 - Check plugin memorymap
2024-02-01 17:09:35,276 [INFO] PluginManage:359 - Loaded plugin memorymap (category:base,tabindex:4)
2024-02-01 17:09:35,277 [INFO] PluginManage:310 - Check plugin pinoutandconfiguration
2024-02-01 17:09:35,288 [INFO] PluginManage:359 - Loaded plugin pinoutandconfiguration (category:base,tabindex:1)
2024-02-01 17:09:35,288 [INFO] PluginManage:310 - Check plugin pinoutconfig
2024-02-01 17:09:35,309 [INFO] McuFinderGlobals:63 - Set McuFinder mode to 2 (CubeIDE integrated)
2024-02-01 17:09:35,430 [WARN] SupportedApi:132 - Cannot load RTOS API schema: s4s-elt-must-match.1: The content of 'definitions' must match (annotation?, (simpleType | complexType)?, (unique | key | keyref)*)). A problem was found starting at: attribute.
2024-02-01 17:09:35,588 [INFO] PluginManage:359 - Loaded plugin pinoutconfig (category:base,tabindex:0)
2024-02-01 17:09:35,588 [INFO] PluginManage:310 - Check plugin power
2024-02-01 17:09:35,596 [INFO] PluginManage:359 - Loaded plugin power (category:power,tabindex:4)
2024-02-01 17:09:35,596 [INFO] PluginManage:310 - Check plugin projectmanager
2024-02-01 17:09:35,614 [INFO] PluginManage:359 - Loaded plugin projectmanager (category:projectmanager,tabindex:3)
2024-02-01 17:09:35,614 [INFO] PluginManage:310 - Check plugin thirdparty
2024-02-01 17:09:35,732 [WARN] IntegrityCheckThread:84 - waiting for thirdparty lock release [integrity check]
2024-02-01 17:09:35,732 [INFO] PluginManage:359 - Loaded plugin thirdparty (category:base,tabindex:-1)
2024-02-01 17:09:35,732 [INFO] IntegrityCheckThread:86 - entering critical section [integrity check]
2024-02-01 17:09:35,732 [INFO] PluginManage:310 - Check plugin tools
2024-02-01 17:09:35,732 [INFO] ThirdPartyUpdaterWithRetryManager:70 - Updater plugin not ready yet. [1/15]
2024-02-01 17:09:35,735 [INFO] PluginManage:359 - Loaded plugin tools (category:base,tabindex:7)
2024-02-01 17:09:35,735 [INFO] PluginManage:310 - Check plugin tutovideos
2024-02-01 17:09:35,885 [INFO] PluginManage:359 - Loaded plugin tutovideos (category:base,tabindex:-1)
2024-02-01 17:09:35,886 [INFO] PluginManage:310 - Check plugin updater
2024-02-01 17:09:35,896 [INFO] PluginManage:359 - Loaded plugin updater (category:base,tabindex:12)
2024-02-01 17:09:35,896 [INFO] PluginManage:310 - Check plugin userauth
2024-02-01 17:09:35,901 [INFO] UserAuth:114 - Init User Auth plugin
2024-02-01 17:09:35,901 [INFO] PluginManage:359 - Loaded plugin userauth (category:base,tabindex:14)
2024-02-01 17:09:35,902 [INFO] PluginManage:283 - PluginManage : Loaded plugins [17]
2024-02-01 17:09:36,082 [INFO] PinOutPanel:1499 - setPackage(No Configuration,No Configuration)
2024-02-01 17:09:36,141 [INFO] CADModel:165 - CPN selected for project level
2024-02-01 17:09:36,141 [INFO] CADModel:114 - Register for checkConnection events
2024-02-01 17:09:36,151 [INFO] IPUIPlugin:80 - create IPUIPlugin
2024-02-01 17:09:36,151 [INFO] PluginManager:220 - loadIPPluginJar : add adc
2024-02-01 17:09:36,153 [INFO] IPUIPlugin:80 - create IPUIPlugin
2024-02-01 17:09:36,153 [INFO] PluginManager:220 - loadIPPluginJar : add aes
2024-02-01 17:09:36,154 [INFO] IPUIPlugin:80 - create IPUIPlugin
2024-02-01 17:09:36,155 [INFO] PluginManager:220 - loadIPPluginJar : add can
2024-02-01 17:09:36,156 [INFO] IPUIPlugin:80 - create IPUIPlugin
2024-02-01 17:09:36,156 [INFO] PluginManager:220 - loadIPPluginJar : add comp
2024-02-01 17:09:36,157 [INFO] IPUIPlugin:80 - create IPUIPlugin
2024-02-01 17:09:36,157 [INFO] PluginManager:220 - loadIPPluginJar : add cryp
2024-02-01 17:09:36,159 [INFO] IPUIPlugin:80 - create IPUIPlugin
2024-02-01 17:09:36,159 [INFO] PluginManager:220 - loadIPPluginJar : add dfsdm
2024-02-01 17:09:36,162 [INFO] IPUIPlugin:80 - create IPUIPlugin
2024-02-01 17:09:36,162 [INFO] PluginManager:220 - loadIPPluginJar : add dma
2024-02-01 17:09:36,164 [INFO] IPUIPlugin:80 - create IPUIPlugin
2024-02-01 17:09:36,164 [INFO] PluginManager:220 - loadIPPluginJar : add dma3
2024-02-01 17:09:36,165 [INFO] IPUIPlugin:80 - create IPUIPlugin
2024-02-01 17:09:36,165 [INFO] PluginManager:220 - loadIPPluginJar : add fatfs
2024-02-01 17:09:36,167 [INFO] IPUIPlugin:80 - create IPUIPlugin
2024-02-01 17:09:36,168 [INFO] PluginManager:220 - loadIPPluginJar : add fmc
2024-02-01 17:09:36,171 [INFO] IPUIPlugin:80 - create IPUIPlugin
2024-02-01 17:09:36,171 [INFO] PluginManager:220 - loadIPPluginJar : add freertos
2024-02-01 17:09:36,172 [INFO] IPUIPlugin:80 - create IPUIPlugin
2024-02-01 17:09:36,172 [INFO] PluginManager:220 - loadIPPluginJar : add genericplugin
2024-02-01 17:09:36,173 [INFO] IPUIPlugin:80 - create IPUIPlugin
2024-02-01 17:09:36,173 [INFO] PluginManager:220 - loadIPPluginJar : add gfxmmu
2024-02-01 17:09:36,176 [INFO] IPUIPlugin:80 - create IPUIPlugin
2024-02-01 17:09:36,177 [INFO] PluginManager:220 - loadIPPluginJar : add gic
2024-02-01 17:09:36,179 [INFO] IPUIPlugin:80 - create IPUIPlugin
2024-02-01 17:09:36,179 [INFO] PluginManager:220 - loadIPPluginJar : add gpio
2024-02-01 17:09:36,181 [INFO] IPUIPlugin:80 - create IPUIPlugin
2024-02-01 17:09:36,181 [INFO] PluginManager:220 - loadIPPluginJar : add gtzc
2024-02-01 17:09:36,182 [INFO] IPUIPlugin:80 - create IPUIPlugin
2024-02-01 17:09:36,182 [INFO] PluginManager:220 - loadIPPluginJar : add hash
2024-02-01 17:09:36,184 [INFO] IPUIPlugin:80 - create IPUIPlugin
2024-02-01 17:09:36,184 [INFO] PluginManager:220 - loadIPPluginJar : add i2c
2024-02-01 17:09:36,184 [INFO] IPUIPlugin:80 - create IPUIPlugin
2024-02-01 17:09:36,184 [INFO] PluginManager:220 - loadIPPluginJar : add i2s
2024-02-01 17:09:36,186 [INFO] IPUIPlugin:80 - create IPUIPlugin
2024-02-01 17:09:36,186 [INFO] PluginManager:220 - loadIPPluginJar : add i3c
2024-02-01 17:09:36,188 [INFO] IPUIPlugin:80 - create IPUIPlugin
2024-02-01 17:09:36,188 [INFO] PluginManager:220 - loadIPPluginJar : add ipddr
2024-02-01 17:09:36,192 [INFO] IPUIPlugin:80 - create IPUIPlugin
2024-02-01 17:09:36,193 [INFO] PluginManager:220 - loadIPPluginJar : add linkedlist
2024-02-01 17:09:36,194 [INFO] IPUIPlugin:80 - create IPUIPlugin
2024-02-01 17:09:36,194 [INFO] PluginManager:220 - loadIPPluginJar : add lorawan
2024-02-01 17:09:36,197 [INFO] IPUIPlugin:80 - create IPUIPlugin
2024-02-01 17:09:36,197 [INFO] PluginManager:220 - loadIPPluginJar : add ltdc
2024-02-01 17:09:36,201 [INFO] IPUIPlugin:80 - create IPUIPlugin
2024-02-01 17:09:36,201 [INFO] PluginManager:220 - loadIPPluginJar : add mdma
2024-02-01 17:09:36,205 [INFO] IPUIPlugin:80 - create IPUIPlugin
2024-02-01 17:09:36,205 [INFO] PluginManager:220 - loadIPPluginJar : add nvic
2024-02-01 17:09:36,207 [INFO] IPUIPlugin:80 - create IPUIPlugin
2024-02-01 17:09:36,207 [INFO] PluginManager:220 - loadIPPluginJar : add opamp
2024-02-01 17:09:36,210 [INFO] IPUIPlugin:80 - create IPUIPlugin
2024-02-01 17:09:36,210 [INFO] PluginManager:220 - loadIPPluginJar : add openamp
2024-02-01 17:09:36,212 [INFO] IPUIPlugin:80 - create IPUIPlugin
2024-02-01 17:09:36,212 [INFO] PluginManager:220 - loadIPPluginJar : add pdm2pcm
2024-02-01 17:09:36,216 [INFO] IPUIPlugin:80 - create IPUIPlugin
2024-02-01 17:09:36,219 [INFO] PluginManager:220 - loadIPPluginJar : add plateformsettings
2024-02-01 17:09:36,220 [INFO] IPUIPlugin:80 - create IPUIPlugin
2024-02-01 17:09:36,220 [INFO] PluginManager:220 - loadIPPluginJar : add quadspi
2024-02-01 17:09:36,223 [INFO] IPUIPlugin:80 - create IPUIPlugin
2024-02-01 17:09:36,223 [INFO] PluginManager:220 - loadIPPluginJar : add resmgrutility
2024-02-01 17:09:36,224 [INFO] IPUIPlugin:80 - create IPUIPlugin
2024-02-01 17:09:36,224 [INFO] PluginManager:220 - loadIPPluginJar : add sai
2024-02-01 17:09:36,226 [INFO] IPUIPlugin:80 - create IPUIPlugin
2024-02-01 17:09:36,226 [INFO] PluginManager:220 - loadIPPluginJar : add spi
2024-02-01 17:09:36,230 [INFO] IPUIPlugin:80 - create IPUIPlugin
2024-02-01 17:09:36,230 [INFO] PluginManager:220 - loadIPPluginJar : add stm32_wpan
2024-02-01 17:09:36,232 [INFO] IPUIPlugin:80 - create IPUIPlugin
2024-02-01 17:09:36,232 [INFO] PluginManager:220 - loadIPPluginJar : add tim
2024-02-01 17:09:36,234 [INFO] IPUIPlugin:80 - create IPUIPlugin
2024-02-01 17:09:36,235 [INFO] PluginManager:220 - loadIPPluginJar : add touchsensing
2024-02-01 17:09:36,236 [INFO] IPUIPlugin:80 - create IPUIPlugin
2024-02-01 17:09:36,236 [INFO] PluginManager:220 - loadIPPluginJar : add tracer_emb
2024-02-01 17:09:36,238 [INFO] IPUIPlugin:80 - create IPUIPlugin
2024-02-01 17:09:36,238 [INFO] PluginManager:220 - loadIPPluginJar : add ts
2024-02-01 17:09:36,240 [INFO] IPUIPlugin:80 - create IPUIPlugin
2024-02-01 17:09:36,240 [INFO] PluginManager:220 - loadIPPluginJar : add tsc
2024-02-01 17:09:36,242 [INFO] IPUIPlugin:80 - create IPUIPlugin
2024-02-01 17:09:36,242 [INFO] PluginManager:220 - loadIPPluginJar : add ucpd
2024-02-01 17:09:36,245 [INFO] IPUIPlugin:80 - create IPUIPlugin
2024-02-01 17:09:36,245 [INFO] PluginManager:220 - loadIPPluginJar : add usart
2024-02-01 17:09:36,247 [INFO] IPUIPlugin:80 - create IPUIPlugin
2024-02-01 17:09:36,247 [INFO] PluginManager:220 - loadIPPluginJar : add usbx
2024-02-01 17:09:36,374 [INFO] CADModel:165 - CPN selected for project level
2024-02-01 17:09:36,374 [INFO] CADModel:114 - Register for checkConnection events
2024-02-01 17:09:36,375 [FATAL] Updater:308 - Updater called before beeing initialized
2024-02-01 17:09:36,375 [ERROR] CADModel:125 - Updater not yet initialized, retry later 
2024-02-01 17:09:36,500 [INFO] CADModel:165 - CPN selected for project level
2024-02-01 17:09:36,500 [INFO] CADModel:114 - Register for checkConnection events
2024-02-01 17:09:36,500 [FATAL] Updater:308 - Updater called before beeing initialized
2024-02-01 17:09:36,501 [ERROR] CADModel:125 - Updater not yet initialized, retry later 
2024-02-01 17:09:36,503 [FATAL] Updater:308 - Updater called before beeing initialized
2024-02-01 17:09:36,607 [FATAL] Updater:308 - Updater called before beeing initialized
2024-02-01 17:09:36,612 [INFO] DbMcusAds:53 - JSON generation date=Wed Nov 29 16:22:27 IST 2023 (1701255147200)
2024-02-01 17:09:36,612 [FATAL] Updater:308 - Updater called before beeing initialized
2024-02-01 17:09:36,644 [WARN] DetailPanel:346 - Failed to get advertising image, set to default
2024-02-01 17:09:36,757 [FATAL] Updater:308 - Updater called before beeing initialized
2024-02-01 17:09:36,759 [FATAL] Updater:308 - Updater called before beeing initialized
2024-02-01 17:09:36,759 [FATAL] Updater:308 - Updater called before beeing initialized
2024-02-01 17:09:36,759 [WARN] DetailPanel:346 - Failed to get advertising image, set to default
2024-02-01 17:09:36,760 [FATAL] Updater:308 - Updater called before beeing initialized
2024-02-01 17:09:36,810 [ERROR] Updater:1120 - MainUpdater not yet initialized. External WinMGr cannot be set.
2024-02-01 17:09:36,812 [INFO] Updater:1056 - Updater Version found : 6.10.0
2024-02-01 17:09:36,827 [INFO] ApplicationProperties:184 - Using Application install path: C:\ST\STM32CubeIDE_1.14.1\STM32CubeIDE\plugins\com.st.stm32cube.common.mx_6.10.0.202311202037
2024-02-01 17:09:38,410 [ERROR] LogOutputStream:75 - [STDERR_REDIRECT] Feb 01, 2024 5:09:38 PM java.util.prefs.WindowsPreferences <init>
2024-02-01 17:09:38,412 [ERROR] LogOutputStream:75 - [STDERR_REDIRECT] WARNING: Could not open/create prefs root node Software\JavaSoft\Prefs at root 0xffffffff80000002. Windows RegCreateKeyEx(...) returned error code 5.
2024-02-01 17:09:38,412 [ERROR] LogOutputStream:75 - [STDERR_REDIRECT] 
2024-02-01 17:09:38,733 [INFO] ThirdPartyUpdaterWithRetryManager:70 - Updater plugin not ready yet. [2/15]
2024-02-01 17:09:38,895 [INFO] MainUpdater:2873 - connection check result : 10
2024-02-01 17:09:38,896 [INFO] MainUpdater:290 - Updater Check For Update Now.
2024-02-01 17:09:38,896 [INFO] MicroXplorer:498 - Change Database Version : DB.6.0.100
2024-02-01 17:09:38,900 [INFO] McuFinderGlobals:63 - Set McuFinder mode to 2 (CubeIDE integrated)
2024-02-01 17:09:38,900 [INFO] UserAuth:180 - activating auth plugin
2024-02-01 17:09:38,903 [INFO] UserAuth:404 - Internet connection configuration mode: 1
2024-02-01 17:09:38,921 [INFO] JxBrowserEngine:152 - Initiate JxBrowser Engine with user profile folder
2024-02-01 17:09:39,061 [INFO] CheckServerUpdateThread:120 - End of CheckServer Thread
2024-02-01 17:09:39,102 [INFO] MainUpdater:2873 - connection check result : 10
2024-02-01 17:09:39,986 [INFO] ApiDb:581 - Connected to CubeFinder SQLite database (C:\Users\krishna\.stmcufinder\plugins\mcufinder\mcu\cube-finder-db.db)
2024-02-01 17:09:40,066 [INFO] ApiDb:668 - CubeFinder database Data Model version=2.1
2024-02-01 17:09:40,066 [INFO] ApiDb:669 - CubeFinder database Configuration version=3.0.39
2024-02-01 17:09:40,067 [INFO] ApiDb:670 - CubeFinder database generation date=2024-01-11 (1704964531)
2024-02-01 17:09:40,067 [INFO] ApiDb:671 - CubeFinder database FW Pack versions=[FP-ATR-ASTRA1_V2.0.0, FP-SNS-FLIGHT1_V5.0.1, FP-SNS-FLIGHT1_V5.0.2, FP-SNS-MOTENV1_V4.3.1, FP-SNS-MOTENV1_V4.3.2, FP-SNS-MOTENVWB1_V1.3.1, FP-SNS-SMARTAG2_V1.2.0, STM32Cube_FW_C0_V1.1.0, STM32Cube_FW_F4_V1.28.0, STM32Cube_FW_F7_V1.17.0, STM32Cube_FW_G0_V1.6.2, STM32Cube_FW_G4_V1.5.2, STM32Cube_FW_H5_V0.5.1, STM32Cube_FW_H5_V1.1.1, STM32Cube_FW_H5_V1.2.0RC2, STM32Cube_FW_H7_V1.11.0, STM32Cube_FW_L0_V1.12.2, STM32Cube_FW_L5_V1.5.0, STM32Cube_FW_U5_V1.3.0RC4, STM32Cube_FW_U5_V1.4.0, STM32Cube_FW_WBA_V1.0.0RC1, STM32Cube_FW_WBA_V1.1.0RC1, STM32Cube_FW_WBA_V1.2.0, STM32Cube_FW_WBA_V1.2.0RC2, STM32Cube_FW_WB_V1.15.0RC1, STM32Cube_FW_WB_V1.16.0, STM32Cube_FW_WB_V1.16.0RC2, STM32Cube_FW_WB_V1.18.0, STM32Cube_FW_WL_V1.3.0, X-CUBE-ALGOBUILD_V1.3.0, X-CUBE-ALS_V1.0.1, X-CUBE-AZRTOS-F4_V1.1.0, X-CUBE-AZRTOS-F7_V1.1.0, X-CUBE-AZRTOS-G0_V1.1.0, X-CUBE-AZRTOS-G4_V2.0.0, X-CUBE-AZRTOS-H7_V3.2.0, X-CUBE-AZRTOS-L4_V1.0.0, X-CUBE-AZRTOS-L4_V2.0.0, X-CUBE-AZRTOS-L5_V1.1.0, X-CUBE-AZRTOS-WB_V2.0.0, X-CUBE-AZRTOS-WL_V2.0.0, X-CUBE-BLE1_V7.0.0, X-CUBE-BLE2_V3.3.0, X-CUBE-BLEMGR_V3.0.0, X-CUBE-EEPRMA1_V4.1.0, X-CUBE-EEPRMA1_V4.2.0, X-CUBE-FREERTOS_V1.1.0, X-CUBE-GNSS1_V6.0.0, X-CUBE-MEMS1_V10.0.0, X-CUBE-MEMS1_V9.1.0, X-CUBE-MEMS1_V9.4.0, X-CUBE-MEMS1_V9.6.0, X-CUBE-NFC4_V3.0.0, X-CUBE-NFC7_V1.0.1, X-CUBE-SFXS2LP1_V4.0.0, X-CUBE-SUBG2_V5.0.0, X-CUBE-TOF1_V3.4.0]
2024-02-01 17:09:40,136 [INFO] DbBoardsSqlite:226 - include board P-NUCLEO-WB55-NUCLEO as a kit item of type 'Nucleo-64'
2024-02-01 17:09:40,136 [INFO] DbBoardsSqlite:226 - include board P-NUCLEO-WB55-USBDONGLE as a kit item of type 'Nucleo USB Dongle'
2024-02-01 17:09:40,137 [INFO] DbBoardsSqlite:226 - include board STEVAL-IDP005V1 as a kit item of type 'Evaluation Board'
2024-02-01 17:09:40,137 [INFO] DbBoardsSqlite:226 - include board STEVAL-IDP005V2 as a kit item of type 'Evaluation Board'
2024-02-01 17:09:40,195 [INFO] WebApp:161 - Instantiating new browser for Auth
2024-02-01 17:09:40,199 [INFO] ApiDb:240 - Found 371 in-development CPN: [B-G473E-ZEST1S, B-WB1M-WPAN1, B-WL5M-SUBG1, NUCLEO-C031C6, NUCLEO-H503RB, NUCLEO-H563ZI, NUCLEO-U545RE-Q, NUCLEO-U5A5ZJ-Q, NUCLEO-WBA52CG, NUCLEO-WBA55CG, STEVAL-MKBOXPRO, STEVAL-PROTEUS1, STEVAL-STWINBX1, STM320518-EVAL, STM32C0116-DK, STM32C011D6Y3TR, STM32C011D6Y6TR, STM32C011F4P3, STM32C011F4P6, STM32C011F4U3, STM32C011F4U6TR, STM32C011F6P3, STM32C011F6P6, STM32C011F6U3, STM32C011F6U6TR, STM32C011J4M3, STM32C011J4M6, STM32C011J6M3, STM32C011J6M6, STM32C0316-DK, STM32C031C4T3, STM32C031C4T6, STM32C031C4U3, STM32C031C4U6, STM32C031C6T3, STM32C031C6T6, STM32C031C6U3, STM32C031C6U6, STM32C031F4P3, STM32C031F4P6, STM32C031F6P3, STM32C031F6P6, STM32C031G4U3, STM32C031G4U6, STM32C031G6U3, STM32C031G6U6, STM32C031K4T3, STM32C031K4T6, STM32C031K4U3, STM32C031K4U6, STM32C031K6T3, STM32C031K6T6, STM32C031K6U3, STM32C031K6U6, STM32G071K8TXN, STM32G071K8UXN, STM32G081GBU6N, STM32G081KBT6N, STM32G081KBUXN, STM32G0B1CCT6N, STM32G0B1KCT6, STM32G0B1NEY6TR, STM32G0B1RCT6N, STM32G0C1CCT6, STM32G0C1CCT6N, STM32G0C1CCU6N, STM32G0C1CET6N, STM32G0C1CEU6N, STM32G0C1KCT6, STM32G0C1NEY6TR, STM32G0C1RCI6N, STM32G0C1RCT6N, STM32G0C1REI6N, STM32G0C1RET6N, STM32G0C1VCI6, STM32G0C1VEI6, STM32G471CCT6, STM32G471CCU6, STM32G471CET3, STM32G471CET6, STM32G471CEU3, STM32G471CEU6, STM32G471MCT6, STM32G471MET3, STM32G471MET6, STM32G471MEY6TR, STM32G471QCT6, STM32G471QET3, STM32G471RCT6, STM32G471RET3, STM32G471RET6, STM32G471VCH6, STM32G471VCI6, STM32G471VCT6, STM32G471VEH3, STM32G471VEH6, STM32G471VEI3, STM32G471VEI6, STM32G471VET3, STM32G471VET6, STM32G474CCT6, STM32H503CBT6, STM32H503CBU6, STM32H503EBY6TR, STM32H503KBU6, STM32H503RBT6, STM32H562AGI6, STM32H562AII6, STM32H562IGK6, STM32H562IGT6, STM32H562IIK6, STM32H562IIT6, STM32H562RGT6, STM32H562RGV6, STM32H562RIT6, STM32H562RIV6, STM32H562VGT6, STM32H562VIT6, STM32H562ZGT6, STM32H562ZIT6, STM32H563AGI6, STM32H563AII3Q, STM32H563AII6, STM32H563IGK6, STM32H563IGT6, STM32H563IIK3Q, STM32H563IIK6, STM32H563IIT3Q, STM32H563IIT6, STM32H563MIY3QTR, STM32H563RGT6, STM32H563RGV6, STM32H563RIT6, STM32H563RIV6, STM32H563VGT6, STM32H563VIT3Q, STM32H563VIT6, STM32H563ZGT6, STM32H563ZIT3Q, STM32H563ZIT6, STM32H573AII3Q, STM32H573AII6, STM32H573I-DK, STM32H573IIK3Q, STM32H573IIK6, STM32H573IIT3Q, STM32H573IIT6, STM32H573MIY3QTR, STM32H573RIT6, STM32H573RIV6, STM32H573VIT3Q, STM32H573VIT6, STM32H573ZIT3Q, STM32H573ZIT6, STM32L4R5QGI6STR, STM32MP131AAE3, STM32MP131AAF3, STM32MP131AAG3, STM32MP131CAE3, STM32MP131CAF3, STM32MP131CAG3, STM32MP131DAE7, STM32MP131DAF7, STM32MP131DAG7, STM32MP131FAE7, STM32MP131FAF7, STM32MP131FAG7, STM32MP133AAE3, STM32MP133AAF3, STM32MP133AAG3, STM32MP133CAE3, STM32MP133CAF3, STM32MP133CAG3, STM32MP133DAE7, STM32MP133DAF7, STM32MP133DAG7, STM32MP133FAE7, STM32MP133FAF7, STM32MP133FAG7, STM32MP135AAE3, STM32MP135AAF3, STM32MP135AAG3, STM32MP135CAE3, STM32MP135CAF3, STM32MP135CAG3, STM32MP135DAE7, STM32MP135DAF7, STM32MP135DAG7, STM32MP135F-DK, STM32MP135FAE7, STM32MP135FAF7, STM32MP135FAF7T, STM32MP135FAF7U, STM32MP135FAG7, STM32U535CBT6, STM32U535CBT6Q, STM32U535CBU6, STM32U535CBU6Q, STM32U535CCT6, STM32U535CCT6Q, STM32U535CCU6, STM32U535CCU6Q, STM32U535CET6, STM32U535CET6Q, STM32U535CEU6, STM32U535CEU6Q, STM32U535JEY6QTR, STM32U535NCY6QTR, STM32U535NEY6QTR, STM32U535RBI6, STM32U535RBI6Q, STM32U535RBT6, STM32U535RBT6Q, STM32U535RCI6, STM32U535RCI6Q, STM32U535RCT6, STM32U535RCT6Q, STM32U535REI6, STM32U535REI6Q, STM32U535RET6, STM32U535RET6Q, STM32U535VCI6, STM32U535VCI6Q, STM32U535VCT6, STM32U535VCT6Q, STM32U535VEI6, STM32U535VEI6Q, STM32U535VET6, STM32U535VET6Q, STM32U545CET6, STM32U545CET6Q, STM32U545CEU6, STM32U545CEU6Q, STM32U545JEY6QTR, STM32U545NEY6QTR, STM32U545REI6, STM32U545REI6Q, STM32U545RET6, STM32U545RET6Q, STM32U545VEI6, STM32U545VEI6Q, STM32U545VET6, STM32U545VET6Q, STM32U595AIH6, STM32U595AIH6Q, STM32U595AJH6, STM32U595AJH6Q, STM32U595QII6, STM32U595QII6Q, STM32U595QJI6, STM32U595QJI6Q, STM32U595RIT6, STM32U595RIT6Q, STM32U595RJT6, STM32U595RJT6Q, STM32U595VIT6, STM32U595VIT6Q, STM32U595VJT6, STM32U595VJT6Q, STM32U595ZIT6, STM32U595ZIT6Q, STM32U595ZIY6QTR, STM32U595ZJT6, STM32U595ZJT6Q, STM32U595ZJY6QTR, STM32U599BJY6QTR, STM32U599NIH6Q, STM32U599NJH6Q, STM32U599VIT6Q, STM32U599VJT6, STM32U599VJT6Q, STM32U599ZIT6Q, STM32U599ZIY6QTR, STM32U599ZJT6Q, STM32U599ZJY6QTR, STM32U5A5AJH6, STM32U5A5AJH6Q, STM32U5A5QJI6, STM32U5A5QJI6Q, STM32U5A5RJT6, STM32U5A5RJT6Q, STM32U5A5VJT6, STM32U5A5VJT6Q, STM32U5A5ZJT6, STM32U5A5ZJT6Q, STM32U5A5ZJY6QTR, STM32U5A9BJY6QTR, STM32U5A9J-DK, STM32U5A9NJH6Q, STM32U5A9VJT6Q, STM32U5A9ZJT6Q, STM32U5A9ZJY6QTR, STM32U5F7VIT6, STM32U5F7VIT6Q, STM32U5F7VJT6, STM32U5F7VJT6Q, STM32U5F9BJY6QTR, STM32U5F9NJH6Q, STM32U5F9VIT6Q, STM32U5F9VJT6Q, STM32U5F9ZIJ6QTR, STM32U5F9ZIT6Q, STM32U5F9ZJJ6QTR, STM32U5F9ZJT6Q, STM32U5G7VJT6, STM32U5G7VJT6Q, STM32U5G9BJY6QTR, STM32U5G9J-DK1, STM32U5G9J-DK2, STM32U5G9NJH6Q, STM32U5G9VJT6Q, STM32U5G9ZJJ6QTR, STM32U5G9ZJT6Q, STM32WB1MMCH6, STM32WBA50KEU6, STM32WBA50KEU6TR, STM32WBA50KGU6, STM32WBA50KGU6TR, STM32WBA52CEU6, STM32WBA52CEU6TR, STM32WBA52CEU7, STM32WBA52CEU7TR, STM32WBA52CGU6, STM32WBA52CGU6TR, STM32WBA52CGU6U, STM32WBA52CGU7, STM32WBA52CGU7TR, STM32WBA52KEU6, STM32WBA52KEU6TR, STM32WBA52KGU6, STM32WBA52KGU6TR, STM32WBA54CEU6, STM32WBA54CEU6TR, STM32WBA54CEU7, STM32WBA54CEU7TR, STM32WBA54CGU6, STM32WBA54CGU6TR, STM32WBA54CGU7, STM32WBA54CGU7TR, STM32WBA54KEU6, STM32WBA54KEU6TR, STM32WBA54KEU7, STM32WBA54KEU7TR, STM32WBA54KGU6, STM32WBA54KGU6TR, STM32WBA54KGU7, STM32WBA54KGU7TR, STM32WBA55CEU6, STM32WBA55CEU6TR, STM32WBA55CEU7, STM32WBA55CEU7TR, STM32WBA55CGU6, STM32WBA55CGU6TR, STM32WBA55CGU6U, STM32WBA55CGU7, STM32WBA55CGU7TR, STM32WBA55G-DK1, STM32WBA55HEF6, STM32WBA55HEF7, STM32WBA55HGF6, STM32WBA55HGF7, STM32WBA55UEI6, STM32WBA55UEI6TR, STM32WBA55UEI7, STM32WBA55UEI7TR, STM32WBA55UGI6, STM32WBA55UGI6TR, STM32WBA55UGI7, STM32WBA55UGI7TR, STM32WL5MOCH6, STM32WL5MOCH6TR]
2024-02-01 17:09:40,380 [INFO] BoardInfo:889 - No configuration file found for board P-NUCLEO-WB55
2024-02-01 17:09:40,381 [INFO] DbBoards:161 - Kit is not supported: P-NUCLEO-WB55
2024-02-01 17:09:40,389 [INFO] BoardInfo:889 - No configuration file found for board STEVAL-BFA001V1B
2024-02-01 17:09:40,389 [INFO] DbBoards:161 - Kit is not supported: STEVAL-BFA001V1B
2024-02-01 17:09:40,391 [INFO] BoardInfo:889 - No configuration file found for board STEVAL-BFA001V2B
2024-02-01 17:09:40,391 [INFO] DbBoards:161 - Kit is not supported: STEVAL-BFA001V2B
2024-02-01 17:09:40,523 [INFO] DbBoards:168 - Found 193 boards, 190 are supported
2024-02-01 17:09:40,524 [INFO] DbBoards:169 - Found 193 boards, 3 of them is supported for  Bsp
2024-02-01 17:09:40,526 [INFO] ApiDb:668 - CubeFinder database Data Model version=2.1
2024-02-01 17:09:40,526 [INFO] ApiDb:669 - CubeFinder database Configuration version=3.0.39
2024-02-01 17:09:40,527 [INFO] ApiDb:670 - CubeFinder database generation date=2024-01-11 (1704964531)
2024-02-01 17:09:40,527 [INFO] ApiDb:671 - CubeFinder database FW Pack versions=[FP-ATR-ASTRA1_V2.0.0, FP-SNS-FLIGHT1_V5.0.1, FP-SNS-FLIGHT1_V5.0.2, FP-SNS-MOTENV1_V4.3.1, FP-SNS-MOTENV1_V4.3.2, FP-SNS-MOTENVWB1_V1.3.1, FP-SNS-SMARTAG2_V1.2.0, STM32Cube_FW_C0_V1.1.0, STM32Cube_FW_F4_V1.28.0, STM32Cube_FW_F7_V1.17.0, STM32Cube_FW_G0_V1.6.2, STM32Cube_FW_G4_V1.5.2, STM32Cube_FW_H5_V0.5.1, STM32Cube_FW_H5_V1.1.1, STM32Cube_FW_H5_V1.2.0RC2, STM32Cube_FW_H7_V1.11.0, STM32Cube_FW_L0_V1.12.2, STM32Cube_FW_L5_V1.5.0, STM32Cube_FW_U5_V1.3.0RC4, STM32Cube_FW_U5_V1.4.0, STM32Cube_FW_WBA_V1.0.0RC1, STM32Cube_FW_WBA_V1.1.0RC1, STM32Cube_FW_WBA_V1.2.0, STM32Cube_FW_WBA_V1.2.0RC2, STM32Cube_FW_WB_V1.15.0RC1, STM32Cube_FW_WB_V1.16.0, STM32Cube_FW_WB_V1.16.0RC2, STM32Cube_FW_WB_V1.18.0, STM32Cube_FW_WL_V1.3.0, X-CUBE-ALGOBUILD_V1.3.0, X-CUBE-ALS_V1.0.1, X-CUBE-AZRTOS-F4_V1.1.0, X-CUBE-AZRTOS-F7_V1.1.0, X-CUBE-AZRTOS-G0_V1.1.0, X-CUBE-AZRTOS-G4_V2.0.0, X-CUBE-AZRTOS-H7_V3.2.0, X-CUBE-AZRTOS-L4_V1.0.0, X-CUBE-AZRTOS-L4_V2.0.0, X-CUBE-AZRTOS-L5_V1.1.0, X-CUBE-AZRTOS-WB_V2.0.0, X-CUBE-AZRTOS-WL_V2.0.0, X-CUBE-BLE1_V7.0.0, X-CUBE-BLE2_V3.3.0, X-CUBE-BLEMGR_V3.0.0, X-CUBE-EEPRMA1_V4.1.0, X-CUBE-EEPRMA1_V4.2.0, X-CUBE-FREERTOS_V1.1.0, X-CUBE-GNSS1_V6.0.0, X-CUBE-MEMS1_V10.0.0, X-CUBE-MEMS1_V9.1.0, X-CUBE-MEMS1_V9.4.0, X-CUBE-MEMS1_V9.6.0, X-CUBE-NFC4_V3.0.0, X-CUBE-NFC7_V1.0.1, X-CUBE-SFXS2LP1_V4.0.0, X-CUBE-SUBG2_V5.0.0, X-CUBE-TOF1_V3.4.0]
2024-02-01 17:09:41,133 [INFO] WebApp:780 - Register for checkConnection events
2024-02-01 17:09:41,133 [INFO] WebApp:414 - Apply proxy settings
2024-02-01 17:09:41,133 [INFO] WebApp:499 - Chromium requires no authentication
2024-02-01 17:09:41,138 [INFO] WebApp:442 - Direct internet connection detected
2024-02-01 17:09:41,271 [INFO] WebApp:192 - Starting web application
2024-02-01 17:09:41,272 [INFO] WebApp:544 - Web application path used C:\ST\STM32CubeIDE_1.14.1\STM32CubeIDE\plugins\com.st.stm32cube.common.mx_6.10.0.202311202037\db\plugins\mcufinder\reactClient1\index.html
2024-02-01 17:09:42,095 [WARN] PackLoader:240 - Cannot read IP mode file for STMicroelectronics.X-CUBE-SMBUS.2.1.0
2024-02-01 17:09:42,105 [WARN] PackLoader:240 - Cannot read IP mode file for STMicroelectronics.X-CUBE-TOUCHGFX.4.23.0
2024-02-01 17:09:42,281 [WARN] PackLoader:240 - Cannot read IP mode file for STMicroelectronics.X-CUBE-AZRTOS-F7.1.1.0
2024-02-01 17:09:42,295 [WARN] PackLoader:240 - Cannot read IP mode file for STMicroelectronics.FP-SNS-MOTENV1.4.3.2
2024-02-01 17:09:42,307 [WARN] PackLoader:240 - Cannot read IP mode file for STMicroelectronics.FP-SNS-FLIGHT1.5.0.2
2024-02-01 17:09:42,319 [WARN] PackLoader:240 - Cannot read IP mode file for STMicroelectronics.X-CUBE-DISPLAY.3.0.0
2024-02-01 17:09:42,337 [WARN] PackLoader:240 - Cannot read IP mode file for STMicroelectronics.X-CUBE-BLE1.7.0.0
2024-02-01 17:09:42,346 [WARN] PackLoader:240 - Cannot read IP mode file for emotas.I-CUBE-CANOPEN.1.3.0
2024-02-01 17:09:42,353 [WARN] PackLoader:240 - Cannot read IP mode file for STMicroelectronics.FP-SNS-SMARTAG2.1.2.0
2024-02-01 17:09:42,371 [INFO] LogOutputStream:77 - [STDOUT_REDIRECT] 1 : Invalid condition id : UX_CORESTACK_Condition cause : null
2024-02-01 17:09:42,374 [INFO] LogOutputStream:77 - [STDOUT_REDIRECT] 1 : Invalid condition id : UX_CORESTACK_Condition cause : null
2024-02-01 17:09:42,376 [INFO] LogOutputStream:77 - [STDOUT_REDIRECT] 1 : Invalid condition id : UX_CORESTACK_Condition cause : null
2024-02-01 17:09:42,378 [INFO] LogOutputStream:77 - [STDOUT_REDIRECT] 1 : Invalid condition id : UX_CORESTACK_Condition cause : null
2024-02-01 17:09:42,379 [INFO] LogOutputStream:77 - [STDOUT_REDIRECT] 1 : Invalid condition id : UX_CORESTACK_Condition cause : null
2024-02-01 17:09:42,385 [WARN] PackLoader:240 - Cannot read IP mode file for STMicroelectronics.X-CUBE-AZRTOS-WL.2.0.0
2024-02-01 17:09:42,397 [WARN] PackLoader:240 - Cannot read IP mode file for WES.I-CUBE-Cesium.1.3.0
2024-02-01 17:09:42,404 [WARN] PackLoader:240 - Cannot read IP mode file for STMicroelectronics.X-CUBE-BLE2.3.3.0
2024-02-01 17:09:42,416 [WARN] PackLoader:240 - Cannot read IP mode file for STMicroelectronics.X-CUBE-ALGOBUILD.1.3.0
2024-02-01 17:09:42,447 [WARN] PackLoader:240 - Cannot read IP mode file for STMicroelectronics.X-CUBE-AZRTOS-G0.1.1.0
2024-02-01 17:09:42,460 [WARN] PackLoader:240 - Cannot read IP mode file for STMicroelectronics.X-CUBE-NFC4.3.0.0
2024-02-01 17:09:42,476 [WARN] PackLoader:240 - Cannot read IP mode file for STMicroelectronics.X-CUBE-BLEMGR.3.0.0
2024-02-01 17:09:42,486 [WARN] PackLoader:240 - Cannot read IP mode file for STMicroelectronics.FP-ATR-SIGFOX1.3.2.0
2024-02-01 17:09:42,498 [WARN] PackLoader:240 - Cannot read IP mode file for STMicroelectronics.X-CUBE-EEPRMA1.5.1.0
2024-02-01 17:09:42,543 [WARN] PackLoader:240 - Cannot read IP mode file for SEGGER.I-CUBE-embOS.1.3.1
2024-02-01 17:09:42,662 [WARN] PackLoader:240 - Cannot read IP mode file for STMicroelectronics.X-CUBE-GNSS1.6.0.0
2024-02-01 17:09:42,695 [WARN] PackLoader:240 - Cannot read IP mode file for STMicroelectronics.X-CUBE-AZRTOS-F4.1.1.0
2024-02-01 17:09:42,705 [WARN] PackLoader:240 - Cannot read IP mode file for wolfSSL.I-CUBE-wolfSSL.5.6.6
2024-02-01 17:09:42,779 [WARN] PackLoader:240 - Cannot read IP mode file for STMicroelectronics.X-CUBE-AZRTOS-L5.2.0.0
2024-02-01 17:09:42,788 [WARN] PackLoader:240 - Cannot read IP mode file for ITTIA_DB.I-CUBE-ITTIADB.8.8.0
2024-02-01 17:09:42,795 [WARN] PackLoader:240 - Cannot read IP mode file for STMicroelectronics.X-CUBE-NFC7.1.0.1
2024-02-01 17:09:42,805 [WARN] PackLoader:240 - Cannot read IP mode file for STMicroelectronics.X-CUBE-NFC6.3.0.0
2024-02-01 17:09:42,849 [WARN] PackLoader:240 - Cannot read IP mode file for STMicroelectronics.X-CUBE-AI.8.1.0
2024-02-01 17:09:42,871 [WARN] ConditionMgr:438 - getConditionDescription Invalid condition id : LAN8742 Phy interface Condition cause : null
2024-02-01 17:09:42,873 [WARN] PackLoader:240 - Cannot read IP mode file for STMicroelectronics.X-CUBE-AZRTOS-L4.2.0.0
2024-02-01 17:09:42,876 [WARN] ConditionMgr:1039 - genDependencies : Invalid condition id : LAN8742 Phy interface Condition cause : null
2024-02-01 17:09:42,876 [WARN] ConditionMgr:1039 - genDependencies : Invalid condition id : LAN8742 Phy interface Condition cause : null
2024-02-01 17:09:42,877 [WARN] ConditionMgr:1039 - genDependencies : Invalid condition id : LAN8742 Phy interface Condition cause : null
2024-02-01 17:09:42,889 [WARN] PackLoader:240 - Cannot read IP mode file for STMicroelectronics.X-CUBE-SFXS2LP1.4.0.0
2024-02-01 17:09:42,913 [WARN] ConditionMgr:438 - getConditionDescription Invalid condition id : UX DEVICE CLASS RTOS Condition cause : null
2024-02-01 17:09:42,914 [WARN] ConditionMgr:438 - getConditionDescription Invalid condition id : UX DEVICE CLASS RTOS Condition cause : null
2024-02-01 17:09:42,917 [WARN] PackLoader:240 - Cannot read IP mode file for STMicroelectronics.X-CUBE-AZRTOS-WB.2.0.0
2024-02-01 17:09:42,919 [WARN] ConditionMgr:1039 - genDependencies : Invalid condition id : UX DEVICE CLASS RTOS Condition cause : null
2024-02-01 17:09:42,919 [WARN] ConditionMgr:1039 - genDependencies : Invalid condition id : UX DEVICE CLASS RTOS Condition cause : null
2024-02-01 17:09:42,920 [WARN] ConditionMgr:1039 - genDependencies : Invalid condition id : UX DEVICE CLASS RTOS Condition cause : null
2024-02-01 17:09:42,920 [WARN] ConditionMgr:1039 - genDependencies : Invalid condition id : UX DEVICE CLASS RTOS Condition cause : null
2024-02-01 17:09:42,920 [WARN] ConditionMgr:1039 - genDependencies : Invalid condition id : UX DEVICE CLASS RTOS Condition cause : null
2024-02-01 17:09:42,968 [WARN] PackLoader:240 - Cannot read IP mode file for STMicroelectronics.X-CUBE-SUBG2.5.0.0
2024-02-01 17:09:43,066 [WARN] PackLoader:240 - Cannot read IP mode file for STMicroelectronics.X-CUBE-AZRTOS-G4.2.0.0
2024-02-01 17:09:43,120 [WARN] PackLoader:240 - Cannot read IP mode file for Infineon.AIROC-Wi-Fi-Bluetooth-STM32.1.5.1
2024-02-01 17:09:43,178 [INFO] ApiDb:240 - Found 371 in-development CPN: [B-G473E-ZEST1S, B-WB1M-WPAN1, B-WL5M-SUBG1, NUCLEO-C031C6, NUCLEO-H503RB, NUCLEO-H563ZI, NUCLEO-U545RE-Q, NUCLEO-U5A5ZJ-Q, NUCLEO-WBA52CG, NUCLEO-WBA55CG, STEVAL-MKBOXPRO, STEVAL-PROTEUS1, STEVAL-STWINBX1, STM320518-EVAL, STM32C0116-DK, STM32C011D6Y3TR, STM32C011D6Y6TR, STM32C011F4P3, STM32C011F4P6, STM32C011F4U3, STM32C011F4U6TR, STM32C011F6P3, STM32C011F6P6, STM32C011F6U3, STM32C011F6U6TR, STM32C011J4M3, STM32C011J4M6, STM32C011J6M3, STM32C011J6M6, STM32C0316-DK, STM32C031C4T3, STM32C031C4T6, STM32C031C4U3, STM32C031C4U6, STM32C031C6T3, STM32C031C6T6, STM32C031C6U3, STM32C031C6U6, STM32C031F4P3, STM32C031F4P6, STM32C031F6P3, STM32C031F6P6, STM32C031G4U3, STM32C031G4U6, STM32C031G6U3, STM32C031G6U6, STM32C031K4T3, STM32C031K4T6, STM32C031K4U3, STM32C031K4U6, STM32C031K6T3, STM32C031K6T6, STM32C031K6U3, STM32C031K6U6, STM32G071K8TXN, STM32G071K8UXN, STM32G081GBU6N, STM32G081KBT6N, STM32G081KBUXN, STM32G0B1CCT6N, STM32G0B1KCT6, STM32G0B1NEY6TR, STM32G0B1RCT6N, STM32G0C1CCT6, STM32G0C1CCT6N, STM32G0C1CCU6N, STM32G0C1CET6N, STM32G0C1CEU6N, STM32G0C1KCT6, STM32G0C1NEY6TR, STM32G0C1RCI6N, STM32G0C1RCT6N, STM32G0C1REI6N, STM32G0C1RET6N, STM32G0C1VCI6, STM32G0C1VEI6, STM32G471CCT6, STM32G471CCU6, STM32G471CET3, STM32G471CET6, STM32G471CEU3, STM32G471CEU6, STM32G471MCT6, STM32G471MET3, STM32G471MET6, STM32G471MEY6TR, STM32G471QCT6, STM32G471QET3, STM32G471RCT6, STM32G471RET3, STM32G471RET6, STM32G471VCH6, STM32G471VCI6, STM32G471VCT6, STM32G471VEH3, STM32G471VEH6, STM32G471VEI3, STM32G471VEI6, STM32G471VET3, STM32G471VET6, STM32G474CCT6, STM32H503CBT6, STM32H503CBU6, STM32H503EBY6TR, STM32H503KBU6, STM32H503RBT6, STM32H562AGI6, STM32H562AII6, STM32H562IGK6, STM32H562IGT6, STM32H562IIK6, STM32H562IIT6, STM32H562RGT6, STM32H562RGV6, STM32H562RIT6, STM32H562RIV6, STM32H562VGT6, STM32H562VIT6, STM32H562ZGT6, STM32H562ZIT6, STM32H563AGI6, STM32H563AII3Q, STM32H563AII6, STM32H563IGK6, STM32H563IGT6, STM32H563IIK3Q, STM32H563IIK6, STM32H563IIT3Q, STM32H563IIT6, STM32H563MIY3QTR, STM32H563RGT6, STM32H563RGV6, STM32H563RIT6, STM32H563RIV6, STM32H563VGT6, STM32H563VIT3Q, STM32H563VIT6, STM32H563ZGT6, STM32H563ZIT3Q, STM32H563ZIT6, STM32H573AII3Q, STM32H573AII6, STM32H573I-DK, STM32H573IIK3Q, STM32H573IIK6, STM32H573IIT3Q, STM32H573IIT6, STM32H573MIY3QTR, STM32H573RIT6, STM32H573RIV6, STM32H573VIT3Q, STM32H573VIT6, STM32H573ZIT3Q, STM32H573ZIT6, STM32L4R5QGI6STR, STM32MP131AAE3, STM32MP131AAF3, STM32MP131AAG3, STM32MP131CAE3, STM32MP131CAF3, STM32MP131CAG3, STM32MP131DAE7, STM32MP131DAF7, STM32MP131DAG7, STM32MP131FAE7, STM32MP131FAF7, STM32MP131FAG7, STM32MP133AAE3, STM32MP133AAF3, STM32MP133AAG3, STM32MP133CAE3, STM32MP133CAF3, STM32MP133CAG3, STM32MP133DAE7, STM32MP133DAF7, STM32MP133DAG7, STM32MP133FAE7, STM32MP133FAF7, STM32MP133FAG7, STM32MP135AAE3, STM32MP135AAF3, STM32MP135AAG3, STM32MP135CAE3, STM32MP135CAF3, STM32MP135CAG3, STM32MP135DAE7, STM32MP135DAF7, STM32MP135DAG7, STM32MP135F-DK, STM32MP135FAE7, STM32MP135FAF7, STM32MP135FAF7T, STM32MP135FAF7U, STM32MP135FAG7, STM32U535CBT6, STM32U535CBT6Q, STM32U535CBU6, STM32U535CBU6Q, STM32U535CCT6, STM32U535CCT6Q, STM32U535CCU6, STM32U535CCU6Q, STM32U535CET6, STM32U535CET6Q, STM32U535CEU6, STM32U535CEU6Q, STM32U535JEY6QTR, STM32U535NCY6QTR, STM32U535NEY6QTR, STM32U535RBI6, STM32U535RBI6Q, STM32U535RBT6, STM32U535RBT6Q, STM32U535RCI6, STM32U535RCI6Q, STM32U535RCT6, STM32U535RCT6Q, STM32U535REI6, STM32U535REI6Q, STM32U535RET6, STM32U535RET6Q, STM32U535VCI6, STM32U535VCI6Q, STM32U535VCT6, STM32U535VCT6Q, STM32U535VEI6, STM32U535VEI6Q, STM32U535VET6, STM32U535VET6Q, STM32U545CET6, STM32U545CET6Q, STM32U545CEU6, STM32U545CEU6Q, STM32U545JEY6QTR, STM32U545NEY6QTR, STM32U545REI6, STM32U545REI6Q, STM32U545RET6, STM32U545RET6Q, STM32U545VEI6, STM32U545VEI6Q, STM32U545VET6, STM32U545VET6Q, STM32U595AIH6, STM32U595AIH6Q, STM32U595AJH6, STM32U595AJH6Q, STM32U595QII6, STM32U595QII6Q, STM32U595QJI6, STM32U595QJI6Q, STM32U595RIT6, STM32U595RIT6Q, STM32U595RJT6, STM32U595RJT6Q, STM32U595VIT6, STM32U595VIT6Q, STM32U595VJT6, STM32U595VJT6Q, STM32U595ZIT6, STM32U595ZIT6Q, STM32U595ZIY6QTR, STM32U595ZJT6, STM32U595ZJT6Q, STM32U595ZJY6QTR, STM32U599BJY6QTR, STM32U599NIH6Q, STM32U599NJH6Q, STM32U599VIT6Q, STM32U599VJT6, STM32U599VJT6Q, STM32U599ZIT6Q, STM32U599ZIY6QTR, STM32U599ZJT6Q, STM32U599ZJY6QTR, STM32U5A5AJH6, STM32U5A5AJH6Q, STM32U5A5QJI6, STM32U5A5QJI6Q, STM32U5A5RJT6, STM32U5A5RJT6Q, STM32U5A5VJT6, STM32U5A5VJT6Q, STM32U5A5ZJT6, STM32U5A5ZJT6Q, STM32U5A5ZJY6QTR, STM32U5A9BJY6QTR, STM32U5A9J-DK, STM32U5A9NJH6Q, STM32U5A9VJT6Q, STM32U5A9ZJT6Q, STM32U5A9ZJY6QTR, STM32U5F7VIT6, STM32U5F7VIT6Q, STM32U5F7VJT6, STM32U5F7VJT6Q, STM32U5F9BJY6QTR, STM32U5F9NJH6Q, STM32U5F9VIT6Q, STM32U5F9VJT6Q, STM32U5F9ZIJ6QTR, STM32U5F9ZIT6Q, STM32U5F9ZJJ6QTR, STM32U5F9ZJT6Q, STM32U5G7VJT6, STM32U5G7VJT6Q, STM32U5G9BJY6QTR, STM32U5G9J-DK1, STM32U5G9J-DK2, STM32U5G9NJH6Q, STM32U5G9VJT6Q, STM32U5G9ZJJ6QTR, STM32U5G9ZJT6Q, STM32WB1MMCH6, STM32WBA50KEU6, STM32WBA50KEU6TR, STM32WBA50KGU6, STM32WBA50KGU6TR, STM32WBA52CEU6, STM32WBA52CEU6TR, STM32WBA52CEU7, STM32WBA52CEU7TR, STM32WBA52CGU6, STM32WBA52CGU6TR, STM32WBA52CGU6U, STM32WBA52CGU7, STM32WBA52CGU7TR, STM32WBA52KEU6, STM32WBA52KEU6TR, STM32WBA52KGU6, STM32WBA52KGU6TR, STM32WBA54CEU6, STM32WBA54CEU6TR, STM32WBA54CEU7, STM32WBA54CEU7TR, STM32WBA54CGU6, STM32WBA54CGU6TR, STM32WBA54CGU7, STM32WBA54CGU7TR, STM32WBA54KEU6, STM32WBA54KEU6TR, STM32WBA54KEU7, STM32WBA54KEU7TR, STM32WBA54KGU6, STM32WBA54KGU6TR, STM32WBA54KGU7, STM32WBA54KGU7TR, STM32WBA55CEU6, STM32WBA55CEU6TR, STM32WBA55CEU7, STM32WBA55CEU7TR, STM32WBA55CGU6, STM32WBA55CGU6TR, STM32WBA55CGU6U, STM32WBA55CGU7, STM32WBA55CGU7TR, STM32WBA55G-DK1, STM32WBA55HEF6, STM32WBA55HEF7, STM32WBA55HGF6, STM32WBA55HGF7, STM32WBA55UEI6, STM32WBA55UEI6TR, STM32WBA55UEI7, STM32WBA55UEI7TR, STM32WBA55UGI6, STM32WBA55UGI6TR, STM32WBA55UGI7, STM32WBA55UGI7TR, STM32WL5MOCH6, STM32WL5MOCH6TR]
2024-02-01 17:09:43,184 [INFO] DbMcus:218 - Found 3930 MCUs, 3930 are supported
2024-02-01 17:09:43,185 [INFO] ApiDb:423 - Load user favorites file C:\Users\krishna/.stm32cubeide/favorites.mcus.txt: 1 item(s)
2024-02-01 17:09:43,185 [INFO] ApiDb:427 - User favorites MCUs=[STM32F103C8T6]
2024-02-01 17:09:43,185 [INFO] DbMcus:224 - Set 1 / 1 favorites MCUs
2024-02-01 17:09:43,325 [WARN] PackLoader:240 - Cannot read IP mode file for STMicroelectronics.FP-SNS-MOTENVWB1.1.3.1
2024-02-01 17:09:43,331 [WARN] PackLoader:240 - Cannot read IP mode file for STMicroelectronics.X-CUBE-ISPU.2.0.0
2024-02-01 17:09:43,390 [WARN] PackLoader:240 - Cannot read IP mode file for STMicroelectronics.X-CUBE-MEMS1.10.0.0
2024-02-01 17:09:43,580 [WARN] PackLoader:240 - Cannot read IP mode file for STMicroelectronics.X-CUBE-FREERTOS.1.1.0
2024-02-01 17:09:43,587 [WARN] PackLoader:240 - Cannot read IP mode file for portGmbH.I-Cube-SoM-uGOAL.1.1.0
2024-02-01 17:09:43,642 [INFO] ApiDb:423 - Load user favorites file C:\Users\krishna/.stm32cubeide/favorites.boards.txt: 2 item(s)
2024-02-01 17:09:43,642 [INFO] ApiDb:427 - User favorites Boards=[NUCLEO-G431RB, NUCLEO-G474RE]
2024-02-01 17:09:43,642 [INFO] DbBoards:198 - Set 2 / 2 favorites Boards
2024-02-01 17:09:43,642 [INFO] McuFinderGlobals:76 - Set McuFinderConnectedMode to true
2024-02-01 17:09:43,650 [INFO] MultiScanPanel:200 - Auto-refresh data requested => check proxy status ongoing
2024-02-01 17:09:43,690 [INFO] FinderPluginLoader:95 - Searching for filters in installed packs
2024-02-01 17:09:43,762 [WARN] PackLoader:240 - Cannot read IP mode file for STMicroelectronics.X-CUBE-ALS.1.0.1
2024-02-01 17:09:43,767 [WARN] PackLoader:240 - Cannot read IP mode file for STMicroelectronics.FP-ATR-ASTRA1.2.0.0
2024-02-01 17:09:43,778 [WARN] PackLoader:240 - Cannot read IP mode file for STMicroelectronics.X-CUBE-TOF1.3.4.0
2024-02-01 17:09:43,810 [WARN] PackLoader:240 - Cannot read IP mode file for STMicroelectronics.X-CUBE-AZRTOS-H7.3.2.0
2024-02-01 17:09:43,814 [INFO] ThirdParty:978 - Integrity check success = true
2024-02-01 17:09:43,814 [INFO] IntegrityCheckThread:100 - exiting critical section [integrity check]
2024-02-01 17:09:43,814 [INFO] IntegrityCheckThread:103 - End integrity checks thread
2024-02-01 17:09:45,566 [INFO] LoadUrlFilesThread:185 - End of LoadServerUrlFiles without Thread
2024-02-01 17:09:45,577 [INFO] DetailPanel:341 - Set advertising image to C:/Users/krishna/STM32Cube/Repository/\en.prom-stm32wl3-mcu-finder.jpg
2024-02-01 17:09:49,421 [INFO] McuFinderGlobals:76 - Set McuFinderConnectedMode to true
2024-02-01 17:09:49,700 [INFO] ApiDb:448 - Save user favorites file C:\Users\krishna/.stm32cubeide/favorites.mcus.txt: 1 item(s)
2024-02-01 17:09:49,700 [INFO] ApiDb:452 - User favorites MCUs=[STM32F103C8T6]
2024-02-01 17:10:02,130 [ERROR] LogOutputStream:75 - [STDERR_REDIRECT] SLF4J: Failed to load class "org.slf4j.impl.StaticLoggerBinder".
2024-02-01 17:10:02,131 [ERROR] LogOutputStream:75 - [STDERR_REDIRECT] SLF4J: Defaulting to no-operation (NOP) logger implementation
2024-02-01 17:10:02,133 [ERROR] LogOutputStream:75 - [STDERR_REDIRECT] SLF4J: See http://www.slf4j.org/codes.html#StaticLoggerBinder for further details.
2024-02-01 17:12:41,658 [ERROR] LogOutputStream:75 - [STDERR_REDIRECT] 
